TN:
SF:src/__tests__/binary-documents.ts
FNF:0
FNH:0
DA:7,17
LF:1
LH:1
BRF:0
BRH:0
end_of_record
TN:
SF:src/__tests__/json-documents.ts
FNF:0
FNH:0
DA:10,19
LF:1
LH:1
BRF:0
BRH:0
end_of_record
TN:
SF:src/__tests__/util.ts
FN:1,(anonymous_0)
FN:1,(anonymous_1)
FN:3,(anonymous_2)
FNF:3
FNH:3
FNDA:1,(anonymous_0)
FNDA:1,(anonymous_1)
FNDA:1,(anonymous_2)
DA:1,1
DA:3,1
DA:4,1
DA:5,2
DA:6,1
LF:5
LH:5
BRDA:1,0,0,0
BRDA:3,1,0,1
BRDA:5,2,0,1
BRF:3
BRH:2
end_of_record
TN:
SF:src/json-cli/test/op.add.tests.json.ts
FNF:0
FNH:0
DA:3,2
DA:100,2
LF:2
LH:2
BRF:0
BRH:0
end_of_record
TN:
SF:src/json-cli/test/op.contains.tests.json.ts
FNF:0
FNH:0
DA:3,2
DA:92,2
LF:2
LH:2
BRF:0
BRH:0
end_of_record
TN:
SF:src/json-cli/test/op.copy.tests.json.ts
FNF:0
FNH:0
DA:3,2
DA:88,2
LF:2
LH:2
BRF:0
BRH:0
end_of_record
TN:
SF:src/json-cli/test/op.defined.tests.json.ts
FNF:0
FNH:0
DA:3,2
DA:74,2
LF:2
LH:2
BRF:0
BRH:0
end_of_record
TN:
SF:src/json-cli/test/op.ends.tests.json.ts
FNF:0
FNH:0
DA:3,2
DA:106,2
LF:2
LH:2
BRF:0
BRH:0
end_of_record
TN:
SF:src/json-cli/test/op.extend.tests.json.ts
FNF:0
FNH:0
DA:3,2
DA:121,2
LF:2
LH:2
BRF:0
BRH:0
end_of_record
TN:
SF:src/json-cli/test/op.flip.tests.json.ts
FNF:0
FNH:0
DA:3,2
DA:111,2
LF:2
LH:2
BRF:0
BRH:0
end_of_record
TN:
SF:src/json-cli/test/op.in.tests.json.ts
FNF:0
FNH:0
DA:3,2
DA:57,2
LF:2
LH:2
BRF:0
BRH:0
end_of_record
TN:
SF:src/json-cli/test/op.inc.tests.json.ts
FNF:0
FNH:0
DA:3,2
DA:130,2
LF:2
LH:2
BRF:0
BRH:0
end_of_record
TN:
SF:src/json-cli/test/op.less.tests.json.ts
FNF:0
FNH:0
DA:3,2
DA:42,2
LF:2
LH:2
BRF:0
BRH:0
end_of_record
TN:
SF:src/json-cli/test/op.merge.tests.json.ts
FNF:0
FNH:0
DA:3,2
DA:117,2
LF:2
LH:2
BRF:0
BRH:0
end_of_record
TN:
SF:src/json-cli/test/op.more.tests.json.ts
FNF:0
FNH:0
DA:3,2
DA:42,2
LF:2
LH:2
BRF:0
BRH:0
end_of_record
TN:
SF:src/json-cli/test/op.move.tests.json.ts
FNF:0
FNH:0
DA:3,2
DA:85,2
LF:2
LH:2
BRF:0
BRH:0
end_of_record
TN:
SF:src/json-cli/test/op.remove.tests.json.ts
FNF:0
FNH:0
DA:3,2
DA:90,2
LF:2
LH:2
BRF:0
BRH:0
end_of_record
TN:
SF:src/json-cli/test/op.replace.tests.json.ts
FNF:0
FNH:0
DA:1,2
DA:4,2
DA:20,2
DA:29,2
DA:30,12
DA:31,72
DA:40,2
DA:41,12
DA:42,72
DA:63,2
DA:64,12
DA:65,72
DA:96,2
DA:97,12
DA:98,72
DA:107,2
DA:108,12
DA:109,72
DA:134,2
LF:19
LH:19
BRF:0
BRH:0
end_of_record
TN:
SF:src/json-cli/test/op.split.tests.json.ts
FNF:0
FNH:0
DA:3,2
DA:437,2
LF:2
LH:2
BRF:0
BRH:0
end_of_record
TN:
SF:src/json-cli/test/op.starts.tests.json.ts
FNF:0
FNH:0
DA:3,2
DA:118,2
LF:2
LH:2
BRF:0
BRH:0
end_of_record
TN:
SF:src/json-cli/test/op.str_del.tests.json.ts
FNF:0
FNH:0
DA:3,2
DA:151,2
LF:2
LH:2
BRF:0
BRH:0
end_of_record
TN:
SF:src/json-cli/test/op.str_ins.tests.json.ts
FNF:0
FNH:0
DA:3,2
DA:252,2
LF:2
LH:2
BRF:0
BRH:0
end_of_record
TN:
SF:src/json-cli/test/op.test.tests.json.ts
FNF:0
FNH:0
DA:3,2
DA:36,2
LF:2
LH:2
BRF:0
BRH:0
end_of_record
TN:
SF:src/json-cli/test/op.type.tests.json.ts
FNF:0
FNH:0
DA:3,2
DA:30,2
LF:2
LH:2
BRF:0
BRH:0
end_of_record
TN:
SF:src/json-cli/test/op.undefined.tests.json.ts
FNF:0
FNH:0
DA:3,2
DA:85,2
LF:2
LH:2
BRF:0
BRH:0
end_of_record
TN:
SF:src/json-cli/test/spec.json.ts
FNF:0
FNH:0
DA:3,2
DA:212,2
LF:2
LH:2
BRF:0
BRH:0
end_of_record
TN:
SF:src/json-cli/test/suites.ts
FNF:0
FNH:0
DA:1,2
DA:2,2
DA:3,2
DA:4,2
DA:5,2
DA:6,2
DA:7,2
DA:8,2
DA:9,2
DA:10,2
DA:11,2
DA:12,2
DA:13,2
DA:14,2
DA:15,2
DA:16,2
DA:17,2
DA:18,2
DA:19,2
DA:20,2
DA:21,2
DA:22,2
DA:23,2
DA:24,2
DA:27,2
LF:25
LH:25
BRF:0
BRH:0
end_of_record
TN:
SF:src/json-cli/test/tests.json.ts
FNF:0
FNH:0
DA:3,2
DA:518,2
LF:2
LH:2
BRF:0
BRH:0
end_of_record
TN:
SF:src/json-crdt/constants.ts
FN:1,(anonymous_0)
FNF:1
FNH:1
FNDA:155,(anonymous_0)
DA:1,155
DA:2,155
LF:2
LH:2
BRDA:1,0,0,155
BRDA:1,0,1,155
BRF:2
BRH:2
end_of_record
TN:
SF:src/json-crdt/hash.ts
FN:9,(anonymous_0)
FN:16,(anonymous_1)
FN:29,(anonymous_2)
FN:37,(anonymous_3)
FN:43,(anonymous_4)
FN:51,(anonymous_5)
FN:55,(anonymous_6)
FN:59,(anonymous_7)
FNF:8
FNH:7
FNDA:1023531,(anonymous_0)
FNDA:121990,(anonymous_1)
FNDA:861302,(anonymous_2)
FNDA:707202,(anonymous_3)
FNDA:2216,(anonymous_4)
FNDA:228,(anonymous_5)
FNDA:202,(anonymous_6)
FNDA:0,(anonymous_7)
DA:1,59
DA:2,59
DA:3,59
DA:4,59
DA:9,59
DA:10,1023531
DA:11,1023531
DA:12,1023531
DA:13,1023531
DA:16,59
DA:17,121990
DA:18,121990
DA:19,121990
DA:20,121990
DA:21,121990
DA:29,59
DA:30,861302
DA:31,155814
DA:32,1948
DA:33,1948
DA:34,1948
DA:36,153866
DA:37,150754
DA:38,707202
DA:40,150754
DA:42,3112
DA:43,754
DA:44,2216
DA:47,3112
DA:48,0
DA:51,59
DA:52,228
DA:55,59
DA:56,202
DA:59,59
DA:60,0
LF:36
LH:34
BRDA:20,0,0,43090
BRDA:30,1,0,705488
BRDA:31,2,0,1948
BRDA:33,3,0,1948
BRDA:36,4,0,150754
BRDA:36,5,0,153866
BRDA:36,5,1,152846
BRDA:42,6,0,754
BRDA:47,7,0,3112
BRF:9
BRH:9
end_of_record
TN:
SF:src/json-crdt/index.ts
FNF:0
FNH:0
DA:1,56
DA:2,56
DA:3,56
DA:5,56
LF:4
LH:4
BRF:0
BRH:0
end_of_record
TN:
SF:src/json-crdt-extensions/ModelWithExt.ts
FN:20,(anonymous_0)
FN:29,(anonymous_1)
FNF:2
FNH:1
FNDA:1566,(anonymous_0)
FNDA:0,(anonymous_1)
DA:2,39
DA:4,39
DA:5,39
DA:8,39
DA:10,39
DA:11,39
DA:12,39
DA:13,39
DA:15,39
DA:17,39
DA:18,39
DA:20,39
DA:24,1566
DA:25,1566
DA:26,1566
DA:29,39
DA:34,0
DA:35,0
DA:36,0
LF:19
LH:16
BRDA:22,0,0,1545
BRF:1
BRH:1
end_of_record
TN:
SF:src/json-crdt-extensions/constants.ts
FN:1,(anonymous_0)
FN:8,(anonymous_1)
FNF:2
FNH:2
FNDA:60,(anonymous_0)
FNDA:60,(anonymous_1)
DA:1,60
DA:2,60
DA:3,60
DA:4,60
DA:5,60
DA:8,60
DA:9,60
DA:10,60
DA:11,60
DA:12,60
LF:10
LH:10
BRDA:1,0,0,60
BRDA:1,0,1,60
BRDA:8,1,0,60
BRDA:8,1,1,60
BRF:4
BRH:4
end_of_record
TN:
SF:src/json-crdt-extensions/ext.ts
FN:6,(anonymous_0)
FN:6,(anonymous_1)
FN:6,(anonymous_2)
FN:6,(anonymous_3)
FNF:4
FNH:4
FNDA:39,(anonymous_0)
FNDA:39,(anonymous_1)
FNDA:1591,(anonymous_2)
FNDA:40,(anonymous_3)
DA:1,40
DA:2,40
DA:3,40
DA:4,40
DA:6,1631
LF:5
LH:5
BRF:0
BRH:0
end_of_record
TN:
SF:src/json-crdt-extensions/index.ts
FNF:0
FNH:0
DA:1,1
DA:2,1
DA:3,1
DA:4,1
DA:5,1
DA:6,1
DA:7,1
LF:7
LH:7
BRF:0
BRH:0
end_of_record
TN:
SF:src/json-crdt-extensions/cnt/index.ts
FN:10,(anonymous_0)
FN:13,(anonymous_1)
FN:17,(anonymous_2)
FN:26,(anonymous_3)
FN:40,(anonymous_4)
FN:41,(anonymous_5)
FNF:6
FNH:5
FNDA:4,(anonymous_0)
FNDA:0,(anonymous_1)
FNDA:9,(anonymous_2)
FNDA:4,(anonymous_3)
FNDA:4,(anonymous_4)
FNDA:4,(anonymous_5)
DA:1,41
DA:2,41
DA:3,41
DA:4,41
DA:5,41
DA:8,41
DA:11,4
DA:14,0
DA:18,9
DA:19,9
DA:20,9
DA:21,9
DA:27,4
DA:28,4
DA:29,4
DA:30,4
DA:31,4
DA:32,4
DA:33,4
DA:36,4
DA:40,41
DA:41,4
DA:42,4
DA:44,4
DA:47,4
DA:50,41
LF:26
LH:25
BRDA:30,0,0,4
BRDA:30,0,1,2
BRDA:40,1,0,4
BRDA:42,2,0,4
BRDA:44,3,0,2
BRDA:44,3,1,2
BRDA:46,4,0,2
BRDA:46,4,1,0
BRF:8
BRH:7
end_of_record
TN:
SF:src/json-crdt-extensions/mval/MvalApi.ts
FN:6,(anonymous_0)
FNF:1
FNH:1
FNDA:10,(anonymous_0)
DA:1,44
DA:5,44
DA:7,10
DA:8,10
DA:9,10
DA:10,10
DA:11,10
DA:12,10
DA:13,10
DA:14,10
LF:10
LH:10
BRF:0
BRH:0
end_of_record
TN:
SF:src/json-crdt-extensions/mval/MvalNode.ts
FN:6,(anonymous_0)
FN:9,(anonymous_1)
FN:13,(anonymous_2)
FNF:3
FNH:2
FNDA:10,(anonymous_0)
FNDA:0,(anonymous_1)
FNDA:16,(anonymous_2)
DA:1,44
DA:2,44
DA:3,44
DA:6,44
DA:7,10
DA:10,0
DA:14,16
LF:7
LH:6
BRF:0
BRH:0
end_of_record
TN:
SF:src/json-crdt-extensions/mval/constants.ts
FNF:0
FNH:0
DA:1,44
DA:3,44
LF:2
LH:2
BRF:0
BRH:0
end_of_record
TN:
SF:src/json-crdt-extensions/mval/index.ts
FN:15,(anonymous_0)
FNF:1
FNH:1
FNDA:12,(anonymous_0)
DA:1,44
DA:2,44
DA:3,44
DA:4,44
DA:5,44
DA:6,44
DA:10,44
DA:15,12
LF:8
LH:8
BRDA:15,0,0,5
BRDA:15,0,1,7
BRF:2
BRH:2
end_of_record
TN:
SF:src/json-crdt-extensions/peritext/Peritext.ts
FN:72,(anonymous_0)
FN:84,(anonymous_1)
FN:92,(anonymous_2)
FN:98,(anonymous_3)
FN:117,(anonymous_4)
FN:130,(anonymous_5)
FN:145,(anonymous_6)
FN:155,(anonymous_7)
FN:159,(anonymous_8)
FN:166,(anonymous_9)
FN:182,(anonymous_10)
FN:194,(anonymous_11)
FN:206,(anonymous_12)
FN:215,(anonymous_13)
FN:222,(anonymous_14)
FN:234,(anonymous_15)
FN:247,(anonymous_16)
FN:255,(anonymous_17)
FN:260,(anonymous_18)
FN:265,(anonymous_19)
FN:284,(anonymous_20)
FN:301,(anonymous_21)
FN:311,(anonymous_22)
FN:323,(anonymous_23)
FN:324,(anonymous_24)
FN:329,(anonymous_25)
FN:331,(anonymous_26)
FN:332,(anonymous_27)
FN:333,(anonymous_28)
FN:335,(anonymous_29)
FN:337,(anonymous_30)
FN:346,(anonymous_31)
FNF:32
FNH:22
FNDA:3282,(anonymous_0)
FNDA:10587,(anonymous_1)
FNDA:9056,(anonymous_2)
FNDA:0,(anonymous_3)
FNDA:15922,(anonymous_4)
FNDA:3096,(anonymous_5)
FNDA:3527,(anonymous_6)
FNDA:3522,(anonymous_7)
FNDA:88,(anonymous_8)
FNDA:103,(anonymous_9)
FNDA:1675,(anonymous_10)
FNDA:1652,(anonymous_11)
FNDA:27750,(anonymous_12)
FNDA:7,(anonymous_13)
FNDA:162,(anonymous_14)
FNDA:7662,(anonymous_15)
FNDA:564,(anonymous_16)
FNDA:4615,(anonymous_17)
FNDA:4615,(anonymous_18)
FNDA:6258,(anonymous_19)
FNDA:4627,(anonymous_20)
FNDA:0,(anonymous_21)
FNDA:2,(anonymous_22)
FNDA:0,(anonymous_23)
FNDA:0,(anonymous_24)
FNDA:0,(anonymous_25)
FNDA:0,(anonymous_26)
FNDA:0,(anonymous_27)
FNDA:0,(anonymous_28)
FNDA:0,(anonymous_29)
FNDA:0,(anonymous_30)
FNDA:1685,(anonymous_31)
DA:1,56
DA:2,56
DA:3,56
DA:4,56
DA:5,56
DA:6,56
DA:7,56
DA:8,56
DA:9,56
DA:10,56
DA:11,56
DA:12,56
DA:13,56
DA:14,56
DA:15,56
DA:16,56
DA:17,56
DA:18,56
DA:26,56
DA:34,56
DA:56,3282
DA:73,3282
DA:75,3282
DA:81,3282
DA:82,3282
DA:83,3282
DA:84,3282
DA:85,10587
DA:87,3282
DA:88,3282
DA:89,3282
DA:93,9056
DA:94,0
DA:99,0
DA:100,0
DA:101,0
DA:103,0
DA:104,0
DA:105,0
DA:118,15922
DA:133,3096
DA:134,3096
DA:135,3096
DA:136,3064
DA:146,3527
DA:156,3522
DA:160,88
DA:161,88
DA:162,88
DA:163,88
DA:167,103
DA:168,103
DA:169,103
DA:170,103
DA:183,1675
DA:195,1652
DA:207,27750
DA:216,7
DA:217,7
DA:218,7
DA:219,7
DA:223,162
DA:235,7662
DA:236,7662
DA:248,564
DA:249,564
DA:250,564
DA:251,564
DA:252,564
DA:256,4615
DA:257,4615
DA:261,4615
DA:262,4615
DA:266,6258
DA:267,6258
DA:268,5386
DA:269,5386
DA:274,5386
DA:275,5386
DA:276,5386
DA:277,5386
DA:278,5386
DA:279,5386
DA:280,5386
DA:281,5386
DA:286,4627
DA:287,4627
DA:288,4627
DA:289,4627
DA:290,4627
DA:291,4627
DA:292,2321
DA:293,2321
DA:294,2321
DA:295,2321
DA:307,0
DA:312,2
DA:313,2
DA:314,2
DA:315,2
DA:316,2
DA:317,2
DA:318,2
DA:324,0
DA:325,0
DA:326,0
DA:329,0
DA:331,0
DA:332,0
DA:333,0
DA:335,0
DA:337,0
DA:344,3282
DA:347,1685
DA:348,1685
DA:349,1685
DA:350,1685
DA:351,1685
LF:118
LH:101
BRDA:78,0,0,3282
BRDA:79,1,0,3282
BRDA:93,2,0,9056
BRDA:99,3,0,0
BRDA:101,4,0,0
BRDA:101,5,0,0
BRDA:101,5,1,0
BRDA:104,6,0,0
BRDA:117,7,0,300
BRDA:117,8,0,300
BRDA:130,9,0,2590
BRDA:135,10,0,32
BRDA:135,11,0,32
BRDA:135,11,1,0
BRDA:160,12,0,0
BRDA:167,13,0,0
BRDA:194,14,0,30
BRDA:195,15,0,38
BRDA:195,15,1,1614
BRDA:206,16,0,1948
BRDA:218,17,0,0
BRDA:218,18,0,7
BRDA:218,18,1,7
BRDA:248,19,0,0
BRDA:267,20,0,872
BRDA:269,21,0,294
BRDA:269,21,1,5092
BRDA:271,22,0,4774
BRDA:271,22,1,318
BRDA:274,23,0,6
BRDA:274,23,1,5380
BRDA:274,24,0,5372
BRDA:274,24,1,8
BRDA:275,25,0,0
BRDA:275,26,0,5386
BRDA:275,26,1,5386
BRDA:291,27,0,2306
BRDA:292,28,0,2313
BRDA:293,29,0,8
BRDA:294,30,0,0
BRDA:305,31,0,0
BRDA:316,32,0,2
BRDA:323,33,0,0
BRDA:331,34,0,0
BRDA:331,34,1,0
BRDA:332,35,0,0
BRDA:332,35,1,0
BRDA:333,36,0,0
BRDA:333,36,1,0
BRF:49
BRH:29
end_of_record
TN:
SF:src/json-crdt-extensions/peritext/PeritextApi.ts
FN:13,(anonymous_0)
FN:22,(anonymous_1)
FN:26,(anonymous_2)
FN:30,(anonymous_3)
FN:32,(anonymous_4)
FN:32,(anonymous_5)
FN:32,(anonymous_6)
FNF:7
FNH:3
FNDA:1561,(anonymous_0)
FNDA:1660,(anonymous_1)
FNDA:3,(anonymous_2)
FNDA:0,(anonymous_3)
FNDA:0,(anonymous_4)
FNDA:0,(anonymous_5)
FNDA:0,(anonymous_6)
DA:1,43
DA:2,43
DA:3,43
DA:9,43
DA:14,1561
DA:15,1561
DA:17,1561
DA:18,1561
DA:19,1561
DA:23,1660
DA:27,3
DA:31,0
DA:32,0
LF:13
LH:11
BRF:0
BRH:0
end_of_record
TN:
SF:src/json-crdt-extensions/peritext/PeritextNode.ts
FN:8,(anonymous_0)
FN:9,(anonymous_1)
FN:13,(anonymous_2)
FN:20,(anonymous_3)
FN:24,(anonymous_4)
FNF:5
FNH:4
FNDA:1561,(anonymous_0)
FNDA:3267,(anonymous_1)
FNDA:1564,(anonymous_2)
FNDA:0,(anonymous_3)
FNDA:46,(anonymous_4)
DA:1,43
DA:2,43
DA:3,43
DA:8,43
DA:10,3267
DA:14,1564
DA:18,1561
DA:21,0
DA:25,46
LF:9
LH:8
BRF:0
BRH:0
end_of_record
TN:
SF:src/json-crdt-extensions/peritext/constants.ts
FN:5,(anonymous_0)
FN:9,(anonymous_1)
FN:26,(anonymous_2)
FNF:3
FNH:3
FNDA:57,(anonymous_0)
FNDA:57,(anonymous_1)
FNDA:1826,(anonymous_2)
DA:1,57
DA:2,57
DA:5,57
DA:6,57
DA:9,57
DA:15,57
DA:21,57
DA:24,57
DA:26,57
DA:27,1826
LF:10
LH:10
BRDA:5,0,0,57
BRDA:5,0,1,57
BRDA:9,1,0,57
BRDA:9,1,1,57
BRF:4
BRH:4
end_of_record
TN:
SF:src/json-crdt-extensions/peritext/index.ts
FN:9,(anonymous_0)
FN:9,(anonymous_1)
FN:9,(anonymous_2)
FN:19,(anonymous_3)
FNF:4
FNH:2
FNDA:0,(anonymous_0)
FNDA:0,(anonymous_1)
FNDA:283,(anonymous_2)
FNDA:1550,(anonymous_3)
DA:1,43
DA:2,43
DA:3,43
DA:4,43
DA:5,43
DA:6,43
DA:9,326
DA:10,43
DA:11,43
DA:13,43
DA:19,1550
LF:11
LH:11
BRF:0
BRH:0
end_of_record
TN:
SF:src/json-crdt-extensions/peritext/__tests__/render.ts
FN:6,(anonymous_0)
FN:10,(anonymous_1)
FN:14,(anonymous_2)
FN:22,(anonymous_3)
FN:32,(anonymous_4)
FN:41,(anonymous_5)
FNF:6
FNH:6
FNDA:517,(anonymous_0)
FNDA:317,(anonymous_1)
FNDA:340,(anonymous_2)
FNDA:194,(anonymous_3)
FNDA:146,(anonymous_4)
FNDA:340,(anonymous_5)
DA:3,5
DA:4,5
DA:6,5
DA:7,517
DA:8,517
DA:9,517
DA:10,517
DA:11,517
DA:14,5
DA:15,340
DA:16,340
DA:17,340
DA:18,340
DA:19,340
DA:22,5
DA:23,194
DA:24,194
DA:25,194
DA:26,194
DA:27,517
DA:29,194
DA:32,5
DA:33,146
DA:34,146
DA:35,146
DA:36,194
DA:38,146
DA:41,5
DA:42,340
DA:43,146
LF:30
LH:30
BRDA:16,0,0,48
BRDA:16,0,1,292
BRDA:18,1,0,0
BRDA:18,1,1,340
BRDA:22,2,0,0
BRDA:41,3,0,110
BRDA:42,4,0,194
BRDA:42,4,1,146
BRF:8
BRH:6
end_of_record
TN:
SF:src/json-crdt-extensions/peritext/__tests__/setup.ts
FN:9,(anonymous_0)
FN:14,(anonymous_1)
FN:16,(anonymous_2)
FN:35,(anonymous_3)
FN:36,(anonymous_4)
FN:43,(anonymous_5)
FN:44,(anonymous_6)
FN:57,(anonymous_7)
FN:58,(anonymous_8)
FN:69,(anonymous_9)
FN:72,(anonymous_10)
FN:110,(anonymous_11)
FN:111,(anonymous_12)
FN:122,(anonymous_13)
FN:123,(anonymous_14)
FN:134,(anonymous_15)
FN:135,(anonymous_16)
FN:149,(anonymous_17)
FN:150,(anonymous_18)
FN:154,(anonymous_19)
FN:158,(anonymous_20)
FN:162,(anonymous_21)
FN:166,(anonymous_22)
FN:174,(anonymous_23)
FN:175,(anonymous_24)
FN:185,(anonymous_25)
FN:186,(anonymous_26)
FN:197,(anonymous_27)
FN:198,(anonymous_28)
FN:210,(anonymous_29)
FN:211,(anonymous_30)
FN:229,(anonymous_31)
FN:230,(anonymous_32)
FN:266,(anonymous_33)
FN:283,(anonymous_34)
FN:284,(anonymous_35)
FN:287,(anonymous_36)
FN:290,(anonymous_37)
FN:293,(anonymous_38)
FN:296,(anonymous_39)
FN:299,(anonymous_40)
FNF:41
FNH:41
FNDA:1548,(anonymous_0)
FNDA:1548,(anonymous_1)
FNDA:30,(anonymous_2)
FNDA:91,(anonymous_3)
FNDA:91,(anonymous_4)
FNDA:77,(anonymous_5)
FNDA:77,(anonymous_6)
FNDA:100,(anonymous_7)
FNDA:100,(anonymous_8)
FNDA:132,(anonymous_9)
FNDA:132,(anonymous_10)
FNDA:80,(anonymous_11)
FNDA:80,(anonymous_12)
FNDA:80,(anonymous_13)
FNDA:80,(anonymous_14)
FNDA:80,(anonymous_15)
FNDA:80,(anonymous_16)
FNDA:1,(anonymous_17)
FNDA:1,(anonymous_18)
FNDA:1,(anonymous_19)
FNDA:1,(anonymous_20)
FNDA:1,(anonymous_21)
FNDA:1,(anonymous_22)
FNDA:149,(anonymous_23)
FNDA:149,(anonymous_24)
FNDA:149,(anonymous_25)
FNDA:149,(anonymous_26)
FNDA:149,(anonymous_27)
FNDA:149,(anonymous_28)
FNDA:149,(anonymous_29)
FNDA:149,(anonymous_30)
FNDA:282,(anonymous_31)
FNDA:282,(anonymous_32)
FNDA:141,(anonymous_33)
FNDA:13,(anonymous_34)
FNDA:13,(anonymous_35)
FNDA:13,(anonymous_36)
FNDA:13,(anonymous_37)
FNDA:13,(anonymous_38)
FNDA:13,(anonymous_39)
FNDA:13,(anonymous_40)
DA:1,36
DA:4,36
DA:9,36
DA:10,1548
DA:14,36
DA:19,1548
DA:20,1548
DA:21,1548
DA:22,1548
DA:23,1548
DA:24,1548
DA:25,1548
DA:35,36
DA:36,91
DA:37,91
DA:38,91
DA:39,91
DA:43,36
DA:44,77
DA:45,77
DA:46,77
DA:47,77
DA:48,77
DA:49,77
DA:50,77
DA:57,36
DA:58,100
DA:59,100
DA:60,100
DA:61,100
DA:69,36
DA:70,132
DA:73,132
DA:74,132
DA:75,132
DA:76,132
DA:77,132
DA:78,132
DA:79,132
DA:80,132
DA:81,132
DA:82,132
DA:83,132
DA:84,132
DA:85,132
DA:86,132
DA:87,132
DA:88,132
DA:89,132
DA:90,132
DA:91,132
DA:92,132
DA:93,132
DA:94,132
DA:95,132
DA:96,132
DA:97,132
DA:98,132
DA:99,132
DA:100,132
DA:101,132
DA:110,36
DA:111,80
DA:112,80
DA:113,80
DA:114,80
DA:115,80
DA:122,36
DA:123,80
DA:124,80
DA:125,80
DA:126,80
DA:127,80
DA:134,36
DA:135,80
DA:136,80
DA:137,80
DA:138,80
DA:139,80
DA:140,80
DA:141,80
DA:142,80
DA:143,80
DA:144,80
DA:145,80
DA:149,36
DA:150,1
DA:151,1
DA:154,1
DA:155,1
DA:158,1
DA:159,1
DA:162,1
DA:163,1
DA:166,1
DA:167,1
DA:174,36
DA:175,149
DA:176,149
DA:177,149
DA:178,149
DA:185,36
DA:186,149
DA:187,149
DA:188,149
DA:189,149
DA:190,149
DA:197,36
DA:198,149
DA:199,149
DA:200,149
DA:201,149
DA:202,149
DA:203,149
DA:210,36
DA:211,149
DA:212,149
DA:213,149
DA:214,149
DA:215,149
DA:216,149
DA:217,149
DA:218,149
DA:219,149
DA:220,149
DA:221,149
DA:229,36
DA:230,282
DA:231,282
DA:232,282
DA:233,282
DA:234,282
DA:235,282
DA:236,282
DA:237,282
DA:238,282
DA:239,282
DA:240,282
DA:241,282
DA:242,282
DA:243,282
DA:244,282
DA:245,282
DA:246,282
DA:247,282
DA:248,282
DA:249,282
DA:250,282
DA:251,282
DA:252,282
DA:253,282
DA:254,282
DA:255,282
DA:256,282
DA:257,282
DA:258,282
DA:266,36
DA:267,141
DA:268,141
DA:269,141
DA:270,141
DA:271,141
DA:272,141
DA:273,141
DA:274,141
DA:275,141
DA:276,141
DA:277,141
DA:278,141
DA:279,141
DA:280,141
DA:283,36
DA:284,13
DA:285,13
DA:287,13
DA:288,13
DA:290,13
DA:291,13
DA:293,13
DA:294,13
DA:296,13
DA:297,13
DA:299,13
DA:300,13
LF:184
LH:184
BRDA:15,0,0,9
BRDA:16,1,0,30
BRDA:39,2,0,0
BRDA:50,3,0,0
BRDA:61,4,0,0
BRDA:101,5,0,0
BRDA:115,6,0,0
BRDA:127,7,0,0
BRDA:145,8,0,0
BRDA:178,9,0,0
BRDA:190,10,0,0
BRDA:203,11,0,0
BRDA:221,12,0,0
BRDA:258,13,0,0
BRDA:279,14,0,0
BRF:15
BRH:2
end_of_record
TN:
SF:src/json-crdt-extensions/peritext/block/Block.ts
FN:29,(anonymous_0)
FN:43,(anonymous_1)
FN:49,(anonymous_2)
FN:55,(anonymous_3)
FN:63,(anonymous_4)
FN:68,(anonymous_5)
FN:84,(anonymous_6)
FN:88,(anonymous_7)
FN:93,(anonymous_8)
FN:106,(anonymous_9)
FN:116,(anonymous_10)
FN:143,(anonymous_11)
FN:147,(anonymous_12)
FN:157,(anonymous_13)
FN:171,(anonymous_14)
FN:188,(anonymous_15)
FN:192,(anonymous_16)
FN:194,(anonymous_17)
FN:199,(anonymous_18)
FN:205,(anonymous_19)
FN:206,(anonymous_20)
FN:208,(anonymous_21)
FN:213,(anonymous_22)
FN:213,(anonymous_23)
FNF:24
FNH:13
FNDA:6179,(anonymous_0)
FNDA:0,(anonymous_1)
FNDA:785,(anonymous_2)
FNDA:785,(anonymous_3)
FNDA:8,(anonymous_4)
FNDA:28,(anonymous_5)
FNDA:4,(anonymous_6)
FNDA:881,(anonymous_7)
FNDA:3636,(anonymous_8)
FNDA:881,(anonymous_9)
FNDA:2965,(anonymous_10)
FNDA:761,(anonymous_11)
FNDA:0,(anonymous_12)
FNDA:156,(anonymous_13)
FNDA:4581,(anonymous_14)
FNDA:0,(anonymous_15)
FNDA:0,(anonymous_16)
FNDA:0,(anonymous_17)
FNDA:0,(anonymous_18)
FNDA:0,(anonymous_19)
FNDA:0,(anonymous_20)
FNDA:0,(anonymous_21)
FNDA:0,(anonymous_22)
FNDA:0,(anonymous_23)
DA:1,56
DA:2,56
DA:3,56
DA:4,56
DA:5,56
DA:6,56
DA:7,56
DA:24,56
DA:25,6179
DA:27,6179
DA:30,6179
DA:31,6179
DA:32,6179
DA:33,6179
DA:34,6179
DA:36,6179
DA:44,0
DA:45,0
DA:46,0
DA:50,785
DA:51,785
DA:52,785
DA:56,785
DA:64,8
DA:65,8
DA:66,8
DA:67,8
DA:68,8
DA:69,28
DA:70,4
DA:71,4
DA:73,24
DA:74,24
DA:75,24
DA:76,18
DA:77,2
DA:78,2
DA:80,16
DA:85,4
DA:89,881
DA:90,881
DA:91,881
DA:92,881
DA:93,881
DA:94,3636
DA:95,2679
DA:96,2679
DA:97,2679
DA:98,2156
DA:99,2156
DA:107,881
DA:108,881
DA:109,881
DA:110,881
DA:111,881
DA:112,881
DA:113,881
DA:114,881
DA:115,881
DA:116,881
DA:117,2965
DA:118,2755
DA:119,2755
DA:120,2755
DA:121,2102
DA:122,2102
DA:123,2102
DA:124,2102
DA:125,881
DA:126,881
DA:127,881
DA:128,301
DA:129,301
DA:132,2102
DA:133,210
DA:134,210
DA:136,2102
DA:144,761
DA:148,0
DA:149,0
DA:150,0
DA:151,0
DA:152,0
DA:158,156
DA:159,156
DA:160,156
DA:161,156
DA:162,156
DA:163,288
DA:164,156
DA:169,6179
DA:172,4581
DA:173,4581
DA:174,4581
DA:175,4581
DA:176,4581
DA:177,780
DA:178,780
DA:180,3801
DA:182,4581
DA:183,4581
DA:189,0
DA:193,0
DA:194,0
DA:195,0
DA:196,0
DA:200,0
DA:201,0
DA:202,0
DA:205,0
DA:206,0
DA:209,0
DA:213,0
LF:113
LH:93
BRDA:44,0,0,0
BRDA:52,1,0,483
BRDA:52,1,1,302
BRDA:63,2,0,4
BRDA:69,3,0,4
BRDA:71,4,0,4
BRDA:71,4,1,3
BRDA:73,5,0,0
BRDA:75,6,0,6
BRDA:76,7,0,2
BRDA:94,8,0,957
BRDA:96,9,0,2727
BRDA:96,9,1,2053
BRDA:96,9,2,1745
BRDA:96,9,3,1745
BRDA:97,10,0,523
BRDA:98,11,0,304
BRDA:98,12,0,2156
BRDA:98,12,1,2156
BRDA:117,13,0,210
BRDA:120,14,0,653
BRDA:124,15,0,881
BRDA:126,16,0,192
BRDA:127,17,0,301
BRDA:132,18,0,210
BRDA:132,19,0,2102
BRDA:132,19,1,1483
BRDA:159,20,0,0
BRDA:159,20,1,156
BRDA:176,21,0,780
BRDA:176,21,1,3801
BRDA:199,22,0,0
BRDA:205,23,0,0
BRDA:205,23,1,0
BRDA:206,24,0,0
BRDA:206,24,1,0
BRDA:206,25,0,0
BRDA:206,25,1,0
BRDA:207,26,0,0
BRDA:207,26,1,0
BRF:40
BRH:28
end_of_record
TN:
SF:src/json-crdt-extensions/peritext/block/Fragment.ts
FN:24,(anonymous_0)
FN:35,(anonymous_1)
FN:43,(anonymous_2)
FN:44,(anonymous_3)
FN:51,(anonymous_4)
FN:56,(anonymous_5)
FN:73,(anonymous_6)
FNF:7
FNH:5
FNDA:3444,(anonymous_0)
FNDA:156,(anonymous_1)
FNDA:0,(anonymous_2)
FNDA:0,(anonymous_3)
FNDA:1847,(anonymous_4)
FNDA:2625,(anonymous_5)
FNDA:1847,(anonymous_6)
DA:1,56
DA:2,56
DA:3,56
DA:4,56
DA:5,56
DA:6,56
DA:21,56
DA:25,3444
DA:29,3444
DA:30,3444
DA:36,156
DA:37,156
DA:38,156
DA:44,0
DA:49,3444
DA:52,1847
DA:53,1847
DA:57,2625
DA:58,2625
DA:59,2625
DA:60,2625
DA:61,2625
DA:62,107
DA:63,107
DA:64,107
DA:65,107
DA:67,2625
DA:68,2625
DA:69,2625
DA:70,2625
DA:74,1847
DA:75,1847
DA:76,1847
DA:77,1847
DA:78,1847
DA:79,1847
DA:81,1847
DA:82,2625
DA:83,2625
DA:84,2625
DA:85,2625
DA:86,2625
LF:42
LH:41
BRDA:43,0,0,0
BRDA:56,1,0,1847
BRDA:59,2,0,778
BRDA:59,2,1,1847
BRDA:60,3,0,2625
BRDA:60,3,1,0
BRDA:83,4,0,778
BRDA:83,4,1,1847
BRDA:84,5,0,228
BRDA:84,5,1,2397
BRDA:86,6,0,2625
BRF:11
BRH:9
end_of_record
TN:
SF:src/json-crdt-extensions/peritext/block/Inline.ts
FN:20,(anonymous_0)
FN:25,(anonymous_1)
FN:30,(anonymous_2)
FN:35,(anonymous_3)
FN:40,(anonymous_4)
FN:45,(anonymous_5)
FN:68,(anonymous_6)
FN:83,(anonymous_7)
FN:91,(anonymous_8)
FN:99,(anonymous_9)
FN:125,(anonymous_10)
FN:167,(anonymous_11)
FN:172,(anonymous_12)
FN:188,(anonymous_13)
FN:212,(anonymous_14)
FN:227,(anonymous_15)
FN:232,(anonymous_16)
FN:243,(anonymous_17)
FN:266,(anonymous_18)
FN:270,(anonymous_19)
FN:280,(anonymous_20)
FN:284,(anonymous_21)
FN:284,(anonymous_22)
FN:289,(anonymous_23)
FN:298,(anonymous_24)
FN:302,(anonymous_25)
FN:302,(anonymous_26)
FNF:27
FNH:17
FNDA:84,(anonymous_0)
FNDA:246,(anonymous_1)
FNDA:246,(anonymous_2)
FNDA:313,(anonymous_3)
FNDA:138,(anonymous_4)
FNDA:4,(anonymous_5)
FNDA:3264,(anonymous_6)
FNDA:228,(anonymous_7)
FNDA:516,(anonymous_8)
FNDA:1031,(anonymous_9)
FNDA:1529,(anonymous_10)
FNDA:0,(anonymous_11)
FNDA:4,(anonymous_12)
FNDA:4,(anonymous_13)
FNDA:24,(anonymous_14)
FNDA:516,(anonymous_15)
FNDA:516,(anonymous_16)
FNDA:648,(anonymous_17)
FNDA:0,(anonymous_18)
FNDA:0,(anonymous_19)
FNDA:0,(anonymous_20)
FNDA:0,(anonymous_21)
FNDA:0,(anonymous_22)
FNDA:0,(anonymous_23)
FNDA:0,(anonymous_24)
FNDA:0,(anonymous_25)
FNDA:0,(anonymous_26)
DA:1,56
DA:2,56
DA:3,56
DA:4,56
DA:5,56
DA:7,56
DA:8,56
DA:9,56
DA:19,56
DA:20,84
DA:24,56
DA:25,246
DA:29,56
DA:30,246
DA:34,56
DA:35,313
DA:39,56
DA:40,138
DA:44,56
DA:45,4
DA:67,56
DA:69,3264
DA:70,3264
DA:71,3264
DA:75,3264
DA:84,228
DA:85,228
DA:92,516
DA:93,516
DA:94,516
DA:95,516
DA:96,516
DA:100,1031
DA:101,1031
DA:102,1031
DA:126,1529
DA:127,1423
DA:128,1423
DA:129,1423
DA:130,1423
DA:131,1423
DA:132,1423
DA:133,1423
DA:134,1423
DA:135,1423
DA:136,1423
DA:137,1423
DA:138,1423
DA:139,1035
DA:140,1035
DA:141,1035
DA:142,1035
DA:144,349
DA:145,349
DA:146,349
DA:149,97
DA:150,97
DA:151,97
DA:154,585
DA:155,585
DA:158,4
DA:159,4
DA:164,1423
DA:168,0
DA:173,4
DA:174,4
DA:175,4
DA:176,4
DA:177,4
DA:182,4
DA:183,4
DA:185,0
DA:189,4
DA:190,4
DA:191,4
DA:192,4
DA:193,4
DA:198,4
DA:199,4
DA:201,0
DA:213,24
DA:214,24
DA:215,24
DA:216,24
DA:217,24
DA:218,24
DA:219,24
DA:220,24
DA:221,24
DA:222,24
DA:223,16
DA:224,8
DA:228,516
DA:229,516
DA:230,516
DA:231,516
DA:232,516
DA:233,516
DA:234,516
DA:235,516
DA:236,516
DA:238,516
DA:244,648
DA:245,648
DA:246,648
DA:247,438
DA:248,438
DA:249,252
DA:250,252
DA:252,252
DA:253,252
DA:254,252
DA:255,252
DA:256,252
DA:257,252
DA:261,648
DA:267,0
DA:271,0
DA:272,0
DA:273,0
DA:274,0
DA:275,0
DA:281,0
DA:284,0
DA:285,0
DA:290,0
DA:299,0
DA:302,0
LF:128
LH:113
BRDA:85,0,0,0
BRDA:85,0,1,228
BRDA:93,1,0,0
BRDA:102,2,0,142
BRDA:102,2,1,889
BRDA:103,3,0,138
BRDA:103,3,1,4
BRDA:106,4,0,559
BRDA:106,4,1,330
BRDA:107,5,0,313
BRDA:107,5,1,246
BRDA:110,6,0,246
BRDA:110,6,1,84
BRDA:126,7,0,106
BRDA:132,8,0,356
BRDA:132,8,1,1067
BRDA:139,9,0,4
BRDA:139,9,1,1031
BRDA:139,10,0,138
BRDA:139,10,1,893
BRDA:140,11,0,1035
BRDA:142,12,0,349
BRDA:142,12,1,97
BRDA:142,12,2,585
BRDA:142,12,3,4
BRDA:144,13,0,349
BRDA:144,13,1,349
BRDA:149,14,0,97
BRDA:149,14,1,93
BRDA:175,15,0,0
BRDA:177,16,0,4
BRDA:178,17,0,4
BRDA:178,17,1,4
BRDA:178,17,2,4
BRDA:183,18,0,4
BRDA:183,18,1,0
BRDA:191,19,0,0
BRDA:193,20,0,4
BRDA:194,21,0,4
BRDA:194,21,1,4
BRDA:194,21,2,4
BRDA:199,22,0,4
BRDA:199,22,1,0
BRDA:215,23,0,0
BRDA:218,24,0,0
BRDA:219,25,0,0
BRDA:220,26,0,0
BRDA:220,27,0,0
BRDA:220,27,1,0
BRDA:221,28,0,0
BRDA:221,29,0,0
BRDA:221,29,1,0
BRDA:222,30,0,16
BRDA:223,31,0,8
BRDA:223,31,1,8
BRDA:227,32,0,0
BRDA:233,33,0,0
BRDA:236,34,0,516
BRDA:248,35,0,186
BRDA:248,36,0,438
BRDA:248,36,1,252
BRDA:250,37,0,0
BRDA:250,37,1,252
BRDA:256,38,0,252
BRDA:256,38,1,0
BRDA:257,39,0,252
BRDA:257,39,1,0
BRDA:270,40,0,0
BRDA:278,41,0,0
BRDA:278,41,1,0
BRDA:290,42,0,0
BRDA:290,42,1,0
BRDA:296,43,0,0
BRDA:296,43,1,0
BRF:74
BRH:47
end_of_record
TN:
SF:src/json-crdt-extensions/peritext/block/LeafBlock.ts
FN:13,(anonymous_0)
FN:21,(anonymous_1)
FN:33,(anonymous_2)
FN:37,(anonymous_3)
FN:44,(anonymous_4)
FN:47,(anonymous_5)
FN:51,(anonymous_6)
FN:51,(anonymous_7)
FNF:8
FNH:2
FNDA:120,(anonymous_0)
FNDA:288,(anonymous_1)
FNDA:0,(anonymous_2)
FNDA:0,(anonymous_3)
FNDA:0,(anonymous_4)
FNDA:0,(anonymous_5)
FNDA:0,(anonymous_6)
FNDA:0,(anonymous_7)
DA:1,56
DA:2,56
DA:12,56
DA:14,120
DA:15,204
DA:16,120
DA:22,288
DA:23,288
DA:24,288
DA:25,288
DA:26,648
DA:27,648
DA:29,288
DA:34,0
DA:38,0
DA:39,0
DA:40,0
DA:41,0
DA:44,0
DA:48,0
DA:51,0
LF:21
LH:13
BRDA:23,0,0,0
BRDA:23,0,1,288
BRDA:27,1,0,564
BRDA:37,2,0,0
BRDA:44,3,0,0
BRDA:44,3,1,0
BRDA:45,4,0,0
BRDA:45,4,1,0
BRF:8
BRH:2
end_of_record
TN:
SF:src/json-crdt-extensions/peritext/block/index.ts
FN:1,(anonymous_0)
FN:2,(anonymous_1)
FN:3,(anonymous_2)
FNF:3
FNH:0
FNDA:0,(anonymous_0)
FNDA:0,(anonymous_1)
FNDA:0,(anonymous_2)
DA:1,43
DA:2,43
DA:3,43
LF:3
LH:3
BRF:0
BRH:0
end_of_record
TN:
SF:src/json-crdt-extensions/peritext/editor/Cursor.ts
FN:25,(anonymous_0)
FN:29,(anonymous_1)
FN:33,(anonymous_2)
FN:39,(anonymous_3)
FN:43,(anonymous_4)
FN:47,(anonymous_5)
FN:51,(anonymous_6)
FN:71,(anonymous_7)
FN:81,(anonymous_8)
FN:92,(anonymous_9)
FN:101,(anonymous_10)
FN:106,(anonymous_11)
FNF:12
FNH:9
FNDA:8681,(anonymous_0)
FNDA:22,(anonymous_1)
FNDA:12,(anonymous_2)
FNDA:0,(anonymous_3)
FNDA:243,(anonymous_4)
FNDA:652,(anonymous_5)
FNDA:9571,(anonymous_6)
FNDA:185,(anonymous_7)
FNDA:82,(anonymous_8)
FNDA:999,(anonymous_9)
FNDA:0,(anonymous_10)
FNDA:0,(anonymous_11)
DA:1,56
DA:2,56
DA:3,56
DA:24,56
DA:26,8681
DA:30,22
DA:34,12
DA:40,0
DA:44,243
DA:48,652
DA:52,9571
DA:53,9571
DA:54,9571
DA:55,9571
DA:56,9571
DA:57,7905
DA:58,7905
DA:59,7905
DA:72,185
DA:73,185
DA:74,185
DA:75,185
DA:76,73
DA:77,185
DA:78,106
DA:82,82
DA:83,82
DA:84,82
DA:85,82
DA:87,0
DA:88,0
DA:93,999
DA:94,999
DA:95,999
DA:96,999
DA:102,0
DA:103,0
DA:107,0
DA:108,0
LF:39
LH:32
BRDA:30,0,0,22
BRDA:30,0,1,8
BRDA:34,1,0,12
BRDA:34,1,1,0
BRDA:44,2,0,175
BRDA:44,2,1,68
BRDA:48,3,0,578
BRDA:48,3,1,74
BRDA:51,4,0,2137
BRDA:51,5,0,6105
BRDA:53,6,0,6764
BRDA:54,7,0,1141
BRDA:54,8,0,9571
BRDA:54,8,1,2807
BRDA:55,9,0,0
BRDA:55,10,0,9571
BRDA:55,10,1,1666
BRDA:56,11,0,1666
BRDA:58,12,0,2005
BRDA:58,12,1,5900
BRDA:71,13,0,6
BRDA:72,14,0,0
BRDA:75,15,0,112
BRDA:75,15,1,73
BRDA:77,16,0,79
BRDA:77,16,1,106
BRDA:85,17,0,82
BRDA:85,17,1,0
BRDA:92,18,0,999
BRDA:102,19,0,0
BRDA:102,19,1,0
BRDA:107,20,0,0
BRDA:107,20,1,0
BRF:33
BRH:25
end_of_record
TN:
SF:src/json-crdt-extensions/peritext/editor/Editor.ts
FN:31,(anonymous_0)
FN:53,(anonymous_1)
FN:59,(anonymous_2)
FN:65,(anonymous_3)
FN:84,(anonymous_4)
FN:92,(anonymous_5)
FN:94,(anonymous_6)
FN:100,(anonymous_7)
FN:104,(anonymous_8)
FN:111,(anonymous_9)
FN:118,(anonymous_10)
FN:130,(anonymous_11)
FN:135,(anonymous_12)
FN:139,(anonymous_13)
FN:148,(anonymous_14)
FN:153,(anonymous_15)
FN:165,(anonymous_16)
FN:175,(anonymous_17)
FN:191,(anonymous_18)
FN:210,(anonymous_19)
FN:214,(anonymous_20)
FN:230,(anonymous_21)
FN:262,(anonymous_22)
FN:264,(anonymous_23)
FN:282,(anonymous_24)
FN:294,(anonymous_25)
FN:310,(anonymous_26)
FN:334,(anonymous_27)
FN:358,(anonymous_28)
FN:378,(anonymous_29)
FN:390,(anonymous_30)
FN:395,(anonymous_31)
FN:406,(anonymous_32)
FN:427,(anonymous_33)
FN:451,(anonymous_34)
FN:490,(anonymous_35)
FN:491,(anonymous_36)
FN:524,(anonymous_37)
FN:537,(anonymous_38)
FN:555,(anonymous_39)
FN:562,(anonymous_40)
FN:563,(anonymous_41)
FN:570,(anonymous_42)
FN:577,(anonymous_43)
FN:613,(anonymous_44)
FN:632,(anonymous_45)
FN:660,(anonymous_46)
FN:669,(anonymous_47)
FN:683,(anonymous_48)
FN:718,(anonymous_49)
FN:781,(anonymous_50)
FN:785,(anonymous_51)
FN:790,(anonymous_52)
FN:797,(anonymous_53)
FN:804,(anonymous_54)
FN:808,(anonymous_55)
FN:808,(anonymous_56)
FN:810,(anonymous_57)
FNF:58
FNH:47
FNDA:6,(anonymous_0)
FNDA:3282,(anonymous_1)
FNDA:666,(anonymous_2)
FNDA:1892,(anonymous_3)
FNDA:13341,(anonymous_4)
FNDA:18013,(anonymous_5)
FNDA:33584,(anonymous_6)
FNDA:0,(anonymous_7)
FNDA:2169,(anonymous_8)
FNDA:552,(anonymous_9)
FNDA:48,(anonymous_10)
FNDA:0,(anonymous_11)
FNDA:547,(anonymous_12)
FNDA:566,(anonymous_13)
FNDA:987,(anonymous_14)
FNDA:14,(anonymous_15)
FNDA:0,(anonymous_16)
FNDA:564,(anonymous_17)
FNDA:552,(anonymous_18)
FNDA:153,(anonymous_19)
FNDA:1643,(anonymous_20)
FNDA:765,(anonymous_21)
FNDA:1193,(anonymous_22)
FNDA:4483,(anonymous_23)
FNDA:956,(anonymous_24)
FNDA:237,(anonymous_25)
FNDA:1002,(anonymous_26)
FNDA:77,(anonymous_27)
FNDA:869,(anonymous_28)
FNDA:133,(anonymous_29)
FNDA:36,(anonymous_30)
FNDA:41,(anonymous_31)
FNDA:40,(anonymous_32)
FNDA:34,(anonymous_33)
FNDA:3262,(anonymous_34)
FNDA:526,(anonymous_35)
FNDA:528,(anonymous_36)
FNDA:7,(anonymous_37)
FNDA:32,(anonymous_38)
FNDA:41,(anonymous_39)
FNDA:28,(anonymous_40)
FNDA:28,(anonymous_41)
FNDA:4,(anonymous_42)
FNDA:6,(anonymous_43)
FNDA:6,(anonymous_44)
FNDA:0,(anonymous_45)
FNDA:0,(anonymous_46)
FNDA:0,(anonymous_47)
FNDA:90,(anonymous_48)
FNDA:42,(anonymous_49)
FNDA:2584,(anonymous_50)
FNDA:25,(anonymous_51)
FNDA:19,(anonymous_52)
FNDA:0,(anonymous_53)
FNDA:0,(anonymous_54)
FNDA:0,(anonymous_55)
FNDA:0,(anonymous_56)
FNDA:0,(anonymous_57)
DA:1,56
DA:2,56
DA:3,56
DA:4,56
DA:5,56
DA:6,56
DA:7,56
DA:8,56
DA:9,56
DA:10,56
DA:11,56
DA:12,56
DA:13,56
DA:14,56
DA:15,56
DA:31,56
DA:32,6
DA:33,0
DA:34,0
DA:35,0
DA:36,0
DA:37,0
DA:41,56
DA:51,3282
DA:53,3282
DA:54,3282
DA:55,3282
DA:56,3282
DA:60,666
DA:66,1892
DA:73,1892
DA:86,13341
DA:87,11551
DA:88,6
DA:89,13341
DA:93,18013
DA:94,18013
DA:95,33584
DA:96,33584
DA:101,0
DA:105,2175
DA:112,552
DA:119,48
DA:120,60
DA:121,48
DA:131,0
DA:132,0
DA:136,547
DA:140,566
DA:149,987
DA:150,987
DA:154,14
DA:166,0
DA:167,0
DA:168,0
DA:176,564
DA:177,564
DA:178,564
DA:179,564
DA:180,564
DA:181,564
DA:182,564
DA:183,564
DA:184,564
DA:192,552
DA:193,552
DA:194,564
DA:195,564
DA:196,564
DA:197,0
DA:198,0
DA:199,0
DA:200,0
DA:201,0
DA:211,153
DA:215,1643
DA:216,1643
DA:217,1643
DA:218,1643
DA:219,0
DA:220,1643
DA:231,765
DA:232,765
DA:233,763
DA:234,109
DA:235,109
DA:237,654
DA:238,654
DA:239,654
DA:240,372
DA:241,30
DA:242,30
DA:243,30
DA:245,654
DA:246,654
DA:247,654
DA:248,654
DA:263,1193
DA:264,1193
DA:265,4483
DA:266,4395
DA:267,4395
DA:268,3580
DA:269,3580
DA:270,3580
DA:283,956
DA:295,237
DA:317,1002
DA:318,1264
DA:319,1264
DA:320,943
DA:321,321
DA:322,1046
DA:324,1002
DA:325,258
DA:337,77
DA:338,342
DA:339,342
DA:340,270
DA:342,77
DA:343,68
DA:363,869
DA:383,133
DA:384,133
DA:385,133
DA:386,133
DA:391,36
DA:396,41
DA:397,41
DA:398,41
DA:399,41
DA:407,40
DA:408,40
DA:409,40
DA:410,40
DA:411,40
DA:412,32
DA:413,32
DA:414,23
DA:415,23
DA:416,23
DA:417,17
DA:418,17
DA:419,17
DA:420,6
DA:428,34
DA:429,34
DA:430,34
DA:431,34
DA:432,28
DA:433,28
DA:434,19
DA:435,19
DA:436,18
DA:437,18
DA:438,18
DA:439,1
DA:452,3262
DA:453,3262
DA:455,176
DA:456,176
DA:459,2810
DA:460,2810
DA:463,822
DA:464,88
DA:465,170
DA:468,62
DA:469,32
DA:470,62
DA:473,40
DA:474,20
DA:475,40
DA:478,4
DA:491,526
DA:492,528
DA:494,466
DA:495,466
DA:496,466
DA:497,88
DA:498,466
DA:501,58
DA:502,58
DA:503,58
DA:504,58
DA:505,58
DA:508,4
DA:509,4
DA:510,4
DA:511,4
DA:525,7
DA:526,7
DA:527,7
DA:528,7
DA:538,32
DA:539,32
DA:540,32
DA:541,32
DA:542,32
DA:543,32
DA:544,32
DA:556,41
DA:557,20
DA:558,20
DA:559,20
DA:563,28
DA:564,28
DA:565,28
DA:566,0
DA:571,4
DA:572,4
DA:583,6
DA:584,6
DA:585,6
DA:586,6
DA:587,6
DA:588,6
DA:589,6
DA:590,6
DA:591,6
DA:592,0
DA:593,0
DA:594,0
DA:595,0
DA:597,6
DA:598,0
DA:599,0
DA:600,0
DA:601,0
DA:603,6
DA:604,0
DA:605,0
DA:606,0
DA:607,0
DA:609,6
DA:619,6
DA:620,6
DA:621,6
DA:622,0
DA:623,0
DA:624,0
DA:625,0
DA:626,0
DA:628,6
DA:633,0
DA:634,0
DA:635,0
DA:636,0
DA:637,0
DA:638,0
DA:639,0
DA:643,0
DA:647,0
DA:648,0
DA:649,0
DA:650,0
DA:653,0
DA:661,0
DA:662,0
DA:663,0
DA:664,0
DA:665,0
DA:670,0
DA:671,0
DA:672,0
DA:674,0
DA:676,0
DA:677,0
DA:684,90
DA:685,90
DA:686,90
DA:687,90
DA:688,90
DA:689,90
DA:690,90
DA:691,90
DA:692,90
DA:693,90
DA:694,90
DA:695,150
DA:696,150
DA:697,84
DA:698,84
DA:703,84
DA:705,84
DA:708,84
DA:709,84
DA:710,84
DA:711,84
DA:715,90
DA:719,42
DA:720,42
DA:721,42
DA:722,42
DA:723,42
DA:724,42
DA:725,42
DA:726,42
DA:727,36
DA:728,36
DA:729,36
DA:730,36
DA:731,6
DA:732,6
DA:733,6
DA:734,6
DA:735,30
DA:737,42
DA:738,42
DA:739,42
DA:740,42
DA:741,6
DA:742,6
DA:743,6
DA:744,6
DA:745,6
DA:747,6
DA:748,6
DA:749,6
DA:750,6
DA:751,6
DA:752,6
DA:755,42
DA:756,42
DA:757,42
DA:758,30
DA:759,30
DA:760,30
DA:761,30
DA:762,30
DA:763,30
DA:764,30
DA:765,30
DA:766,30
DA:767,30
DA:768,30
DA:769,30
DA:770,30
DA:772,30
DA:774,30
DA:775,30
DA:782,2584
DA:786,25
DA:787,25
DA:791,19
DA:792,19
DA:798,0
DA:799,0
DA:800,0
DA:801,0
DA:805,0
DA:808,0
DA:810,0
LF:352
LH:286
BRDA:32,0,0,0
BRDA:32,1,0,6
BRDA:32,1,1,6
BRDA:65,2,0,1858
BRDA:65,3,0,1892
BRDA:87,4,0,11545
BRDA:87,4,1,6
BRDA:89,5,0,13341
BRDA:89,5,1,1796
BRDA:96,6,0,16170
BRDA:96,6,1,17414
BRDA:132,7,0,0
BRDA:132,7,1,0
BRDA:132,8,0,0
BRDA:132,8,1,0
BRDA:167,9,0,0
BRDA:176,10,0,0
BRDA:177,11,0,2
BRDA:183,12,0,232
BRDA:183,12,1,332
BRDA:192,13,0,62
BRDA:196,14,0,0
BRDA:210,15,0,153
BRDA:219,16,0,0
BRDA:219,17,0,0
BRDA:219,17,1,0
BRDA:233,18,0,109
BRDA:239,19,0,282
BRDA:239,19,1,372
BRDA:240,20,0,342
BRDA:240,20,1,30
BRDA:241,21,0,30
BRDA:262,22,0,0
BRDA:265,23,0,88
BRDA:266,24,0,2743
BRDA:266,24,1,1652
BRDA:267,25,0,815
BRDA:269,26,0,88
BRDA:319,27,0,943
BRDA:319,27,1,321
BRDA:320,28,0,218
BRDA:321,29,0,198
BRDA:324,30,0,744
BRDA:339,31,0,72
BRDA:342,32,0,9
BRDA:360,33,0,837
BRDA:361,34,0,837
BRDA:363,35,0,869
BRDA:363,35,1,732
BRDA:380,36,0,101
BRDA:381,37,0,101
BRDA:385,38,0,121
BRDA:386,39,0,133
BRDA:386,39,1,12
BRDA:391,40,0,36
BRDA:391,40,1,2
BRDA:398,41,0,34
BRDA:399,42,0,41
BRDA:399,42,1,7
BRDA:411,43,0,8
BRDA:413,44,0,9
BRDA:414,45,0,8
BRDA:415,46,0,33
BRDA:415,46,1,16
BRDA:416,47,0,17
BRDA:416,47,1,6
BRDA:431,48,0,6
BRDA:433,49,0,9
BRDA:434,50,0,21
BRDA:434,50,1,3
BRDA:435,51,0,18
BRDA:435,51,1,1
BRDA:452,52,0,0
BRDA:453,53,0,176
BRDA:453,53,1,2810
BRDA:453,53,2,170
BRDA:453,53,3,62
BRDA:453,53,4,40
BRDA:453,53,5,4
BRDA:463,54,0,84
BRDA:463,54,1,86
BRDA:468,55,0,30
BRDA:468,55,1,32
BRDA:473,56,0,20
BRDA:473,56,1,20
BRDA:478,57,0,2
BRDA:478,57,1,2
BRDA:490,58,0,378
BRDA:490,59,0,378
BRDA:492,60,0,466
BRDA:492,60,1,58
BRDA:492,60,2,4
BRDA:496,61,0,378
BRDA:496,61,1,88
BRDA:503,62,0,0
BRDA:503,62,1,58
BRDA:509,63,0,0
BRDA:509,63,1,4
BRDA:526,64,0,0
BRDA:538,65,0,32
BRDA:538,65,1,0
BRDA:539,66,0,0
BRDA:541,67,0,22
BRDA:541,67,1,10
BRDA:541,68,0,2
BRDA:541,68,1,8
BRDA:556,69,0,21
BRDA:565,70,0,28
BRDA:565,70,1,0
BRDA:572,71,0,4
BRDA:581,72,0,0
BRDA:583,73,0,0
BRDA:590,74,0,0
BRDA:590,75,0,6
BRDA:590,75,1,6
BRDA:591,76,0,0
BRDA:591,76,1,6
BRDA:594,77,0,0
BRDA:594,77,1,0
BRDA:595,78,0,0
BRDA:597,79,0,0
BRDA:599,80,0,0
BRDA:600,81,0,0
BRDA:603,82,0,0
BRDA:605,83,0,0
BRDA:606,84,0,0
BRDA:616,85,0,0
BRDA:621,86,0,0
BRDA:623,87,0,0
BRDA:623,87,1,0
BRDA:632,88,0,0
BRDA:638,89,0,0
BRDA:639,90,0,0
BRDA:639,90,1,0
BRDA:639,90,2,0
BRDA:650,91,0,0
BRDA:650,91,1,0
BRDA:660,92,0,0
BRDA:669,93,0,0
BRDA:672,94,0,0
BRDA:696,95,0,66
BRDA:698,96,0,60
BRDA:698,96,1,60
BRDA:698,96,2,60
BRDA:698,96,3,84
BRDA:710,97,0,0
BRDA:730,98,0,6
BRDA:730,98,1,30
BRDA:743,99,0,6
BRDA:747,100,0,6
BRDA:755,101,0,42
BRDA:770,102,0,12
BRDA:770,103,0,30
BRDA:770,103,1,24
BRDA:772,104,0,18
BRDA:774,105,0,6
BRDA:782,106,0,2080
BRDA:782,106,1,504
BRDA:782,107,0,318
BRDA:782,107,1,186
BRDA:787,108,0,25
BRDA:787,108,1,0
BRDA:792,109,0,19
BRDA:792,109,1,0
BRDA:797,110,0,0
BRF:165
BRH:115
end_of_record
TN:
SF:src/json-crdt-extensions/peritext/editor/EditorSlices.ts
FN:10,(anonymous_0)
FN:15,(anonymous_1)
FN:17,(anonymous_2)
FN:24,(anonymous_3)
FN:25,(anonymous_4)
FN:28,(anonymous_5)
FN:29,(anonymous_6)
FN:32,(anonymous_7)
FN:33,(anonymous_8)
FN:36,(anonymous_9)
FN:37,(anonymous_10)
FN:46,(anonymous_11)
FNF:12
FNH:12
FNDA:9846,(anonymous_0)
FNDA:1611,(anonymous_1)
FNDA:1611,(anonymous_2)
FNDA:178,(anonymous_3)
FNDA:178,(anonymous_4)
FNDA:553,(anonymous_5)
FNDA:553,(anonymous_6)
FNDA:16,(anonymous_7)
FNDA:16,(anonymous_8)
FNDA:864,(anonymous_9)
FNDA:864,(anonymous_10)
FNDA:613,(anonymous_11)
DA:1,56
DA:9,56
DA:11,9846
DA:12,9846
DA:16,1611
DA:17,1611
DA:18,1611
DA:19,1611
DA:21,1611
DA:25,178
DA:29,553
DA:33,16
DA:37,864
DA:38,864
DA:39,864
DA:40,864
DA:41,864
DA:42,864
DA:47,613
LF:19
LH:19
BRDA:47,0,0,613
BRDA:47,0,1,0
BRF:2
BRH:1
end_of_record
TN:
SF:src/json-crdt-extensions/peritext/editor/util.ts
FN:6,(anonymous_0)
FN:7,(anonymous_1)
FN:8,(anonymous_2)
FNF:3
FNH:3
FNDA:1290,(anonymous_0)
FNDA:48,(anonymous_1)
FNDA:38,(anonymous_2)
DA:3,56
DA:4,56
DA:6,1290
DA:7,56
DA:8,56
LF:5
LH:5
BRDA:8,0,0,38
BRDA:8,0,1,32
BRF:2
BRH:2
end_of_record
TN:
SF:src/json-crdt-extensions/peritext/lazy/export-html.ts
FN:8,(anonymous_0)
FN:20,(anonymous_1)
FN:27,(anonymous_2)
FNF:3
FNH:3
FNDA:792,(anonymous_0)
FNDA:84,(anonymous_1)
FNDA:36,(anonymous_2)
DA:1,2
DA:2,2
DA:3,2
DA:8,2
DA:9,792
DA:10,444
DA:11,444
DA:12,444
DA:13,444
DA:14,444
DA:15,444
DA:16,696
DA:17,444
DA:20,2
DA:21,84
DA:23,84
DA:24,84
DA:27,2
DA:28,36
LF:19
LH:19
BRDA:9,0,0,348
BRDA:11,1,0,78
BRDA:11,1,1,366
BRDA:12,2,0,444
BRDA:12,2,1,18
BRDA:12,3,0,0
BRDA:12,3,1,18
BRDA:13,4,0,0
BRDA:13,4,1,444
BRDA:13,5,0,444
BRDA:13,5,1,156
BRF:11
BRH:9
end_of_record
TN:
SF:src/json-crdt-extensions/peritext/lazy/export-markdown.ts
FN:7,(anonymous_0)
FN:15,(anonymous_1)
FNF:2
FNH:2
FNDA:48,(anonymous_0)
FNDA:24,(anonymous_1)
DA:1,1
DA:2,1
DA:3,1
DA:7,1
DA:8,48
DA:10,48
DA:12,48
DA:15,24
LF:8
LH:8
BRF:0
BRH:0
end_of_record
TN:
SF:src/json-crdt-extensions/peritext/overlay/MarkerOverlayPoint.ts
FN:16,(anonymous_0)
FN:25,(anonymous_1)
FN:29,(anonymous_2)
FN:35,(anonymous_3)
FN:39,(anonymous_4)
FN:45,(anonymous_5)
FN:51,(anonymous_6)
FN:52,(anonymous_7)
FN:52,(anonymous_8)
FN:53,(anonymous_9)
FN:53,(anonymous_10)
FNF:11
FNH:3
FNDA:1013,(anonymous_0)
FNDA:781,(anonymous_1)
FNDA:181,(anonymous_2)
FNDA:0,(anonymous_3)
FNDA:0,(anonymous_4)
FNDA:0,(anonymous_5)
FNDA:0,(anonymous_6)
FNDA:0,(anonymous_7)
FNDA:0,(anonymous_8)
FNDA:0,(anonymous_9)
FNDA:0,(anonymous_10)
DA:1,56
DA:2,56
DA:10,56
DA:14,1013
DA:17,1013
DA:20,1013
DA:22,1013
DA:26,781
DA:30,181
DA:36,0
DA:40,0
DA:41,0
DA:42,0
DA:46,0
DA:51,0
DA:52,0
DA:53,0
LF:17
LH:9
BRDA:26,0,0,781
BRDA:26,0,1,781
BRDA:30,1,0,181
BRDA:30,1,1,181
BRDA:40,2,0,0
BRDA:40,2,1,0
BRDA:41,3,0,0
BRDA:41,3,1,0
BRDA:42,4,0,0
BRDA:42,4,1,0
BRDA:45,5,0,0
BRDA:48,6,0,0
BRDA:48,6,1,0
BRF:13
BRH:4
end_of_record
TN:
SF:src/json-crdt-extensions/peritext/overlay/Overlay.ts
FN:26,(anonymous_0)
FN:45,(anonymous_1)
FN:51,(anonymous_2)
FN:55,(anonymous_3)
FN:59,(anonymous_4)
FN:63,(anonymous_5)
FN:67,(anonymous_6)
FN:71,(anonymous_7)
FN:78,(anonymous_8)
FN:104,(anonymous_9)
FN:131,(anonymous_10)
FN:155,(anonymous_11)
FN:181,(anonymous_12)
FN:202,(anonymous_13)
FN:204,(anonymous_14)
FN:211,(anonymous_15)
FN:226,(anonymous_16)
FN:228,(anonymous_17)
FN:235,(anonymous_18)
FN:248,(anonymous_19)
FN:267,(anonymous_20)
FN:279,(anonymous_21)
FN:282,(anonymous_22)
FN:299,(anonymous_23)
FN:304,(anonymous_24)
FN:309,(anonymous_25)
FN:330,(anonymous_26)
FN:334,(anonymous_27)
FN:336,(anonymous_28)
FN:345,(anonymous_29)
FN:357,(anonymous_30)
FN:374,(anonymous_31)
FN:402,(anonymous_32)
FN:430,(anonymous_33)
FN:493,(anonymous_34)
FN:503,(anonymous_35)
FN:520,(anonymous_36)
FN:527,(anonymous_37)
FN:542,(anonymous_38)
FN:554,(anonymous_39)
FN:578,(anonymous_40)
FN:589,(anonymous_41)
FN:607,(anonymous_42)
FN:619,(anonymous_43)
FN:639,(anonymous_44)
FN:646,(anonymous_45)
FN:660,(anonymous_46)
FN:691,(anonymous_47)
FN:692,(anonymous_48)
FN:696,(anonymous_49)
FN:697,(anonymous_50)
FN:701,(anonymous_51)
FN:705,(anonymous_52)
FN:706,(anonymous_53)
FN:713,(anonymous_54)
FN:714,(anonymous_55)
FNF:56
FNH:46
FNDA:276,(anonymous_0)
FNDA:3282,(anonymous_1)
FNDA:33600,(anonymous_2)
FNDA:1013,(anonymous_3)
FNDA:18224,(anonymous_4)
FNDA:833,(anonymous_5)
FNDA:0,(anonymous_6)
FNDA:10,(anonymous_7)
FNDA:50256,(anonymous_8)
FNDA:45,(anonymous_9)
FNDA:347,(anonymous_10)
FNDA:51630,(anonymous_11)
FNDA:66439,(anonymous_12)
FNDA:11162,(anonymous_13)
FNDA:66223,(anonymous_14)
FNDA:1181,(anonymous_15)
FNDA:2265,(anonymous_16)
FNDA:3654,(anonymous_17)
FNDA:163,(anonymous_18)
FNDA:2087,(anonymous_19)
FNDA:2042,(anonymous_20)
FNDA:72,(anonymous_21)
FNDA:4990,(anonymous_22)
FNDA:10446,(anonymous_23)
FNDA:2974,(anonymous_24)
FNDA:60075,(anonymous_25)
FNDA:50,(anonymous_26)
FNDA:10396,(anonymous_27)
FNDA:62904,(anonymous_28)
FNDA:20,(anonymous_29)
FNDA:9,(anonymous_30)
FNDA:6288,(anonymous_31)
FNDA:4706,(anonymous_32)
FNDA:1014,(anonymous_33)
FNDA:2548,(anonymous_34)
FNDA:38338,(anonymous_35)
FNDA:115014,(anonymous_36)
FNDA:53396,(anonymous_37)
FNDA:28406,(anonymous_38)
FNDA:13518,(anonymous_39)
FNDA:1013,(anonymous_40)
FNDA:10243,(anonymous_41)
FNDA:27036,(anonymous_42)
FNDA:28049,(anonymous_43)
FNDA:12921,(anonymous_44)
FNDA:8319,(anonymous_45)
FNDA:47764,(anonymous_46)
FNDA:0,(anonymous_47)
FNDA:0,(anonymous_48)
FNDA:0,(anonymous_49)
FNDA:0,(anonymous_50)
FNDA:0,(anonymous_51)
FNDA:0,(anonymous_52)
FNDA:0,(anonymous_53)
FNDA:0,(anonymous_54)
FNDA:0,(anonymous_55)
DA:1,56
DA:2,56
DA:3,56
DA:4,56
DA:5,56
DA:6,56
DA:7,56
DA:8,56
DA:9,56
DA:10,56
DA:11,56
DA:12,56
DA:13,56
DA:14,56
DA:26,276
DA:35,56
DA:36,3282
DA:37,3282
DA:45,3282
DA:46,3282
DA:47,3282
DA:48,3282
DA:52,33600
DA:56,1013
DA:60,18224
DA:64,833
DA:68,0
DA:72,10
DA:79,50256
DA:80,4671
DA:81,4671
DA:82,3452
DA:83,3330
DA:84,45585
DA:85,48084
DA:86,48084
DA:87,48084
DA:88,93575
DA:89,93575
DA:90,77901
DA:92,32423
DA:93,32423
DA:94,32423
DA:95,17875
DA:98,17862
DA:105,45
DA:106,2
DA:107,2
DA:108,2
DA:109,1
DA:110,43
DA:111,41
DA:112,41
DA:113,41
DA:114,85
DA:115,85
DA:116,68
DA:118,43
DA:119,43
DA:120,43
DA:121,29
DA:124,10
DA:132,347
DA:133,0
DA:134,0
DA:135,0
DA:136,0
DA:137,347
DA:138,337
DA:139,337
DA:140,337
DA:141,400
DA:142,400
DA:143,370
DA:145,47
DA:146,47
DA:147,47
DA:148,0
DA:151,260
DA:161,51630
DA:162,51630
DA:163,51630
DA:164,51630
DA:165,51630
DA:166,51630
DA:167,51630
DA:168,9495
DA:169,9495
DA:170,9495
DA:171,9495
DA:173,51630
DA:174,51630
DA:175,16287
DA:177,35343
DA:178,35343
DA:179,35343
DA:180,35343
DA:181,35343
DA:182,66439
DA:183,18590
DA:184,18590
DA:185,18590
DA:186,18273
DA:187,4158
DA:188,4158
DA:191,52324
DA:192,48662
DA:193,48662
DA:194,18533
DA:195,4967
DA:198,38758
DA:203,11162
DA:204,11162
DA:205,66223
DA:206,66223
DA:207,66223
DA:212,1181
DA:227,2265
DA:228,2265
DA:229,3654
DA:230,3654
DA:231,3654
DA:236,163
DA:249,2087
DA:250,347
DA:251,347
DA:252,347
DA:268,2042
DA:269,2042
DA:271,2042
DA:272,2042
DA:273,816
DA:274,25
DA:275,25
DA:277,816
DA:278,776
DA:279,776
DA:282,2006
DA:283,4990
DA:284,2984
DA:285,994
DA:286,919
DA:287,919
DA:288,16
DA:289,16
DA:292,978
DA:293,978
DA:294,978
DA:295,978
DA:300,10446
DA:301,10446
DA:302,1487
DA:303,1487
DA:304,2974
DA:307,8959
DA:308,8959
DA:309,8959
DA:310,60075
DA:311,60075
DA:312,60075
DA:313,17095
DA:314,8494
DA:315,8494
DA:316,8494
DA:318,42980
DA:319,42980
DA:320,42980
DA:321,8644
DA:322,264
DA:323,264
DA:326,42980
DA:331,50
DA:335,10396
DA:336,10396
DA:337,62904
DA:338,62904
DA:339,52866
DA:340,52866
DA:341,52866
DA:346,20
DA:358,9
DA:359,9
DA:360,10
DA:361,3
DA:363,2
DA:375,6288
DA:376,6288
DA:377,6288
DA:378,4114
DA:379,14079
DA:380,13297
DA:381,13297
DA:382,13297
DA:383,26396
DA:384,26396
DA:386,13297
DA:387,2
DA:388,2
DA:391,4114
DA:403,4706
DA:404,4706
DA:405,4706
DA:406,4004
DA:407,11426
DA:408,11426
DA:409,19351
DA:410,11426
DA:411,26
DA:412,26
DA:415,4004
DA:434,1014
DA:435,1014
DA:436,1014
DA:437,1014
DA:438,198
DA:439,198
DA:441,1014
DA:442,1014
DA:443,1014
DA:444,1014
DA:445,1014
DA:446,1014
DA:447,1014
DA:448,1014
DA:449,1308
DA:450,18
DA:451,18
DA:452,12
DA:454,1290
DA:455,1290
DA:456,1290
DA:457,1290
DA:458,1854
DA:459,1854
DA:460,1854
DA:461,1854
DA:462,1854
DA:464,948
DA:465,948
DA:467,168
DA:468,168
DA:471,1290
DA:472,882
DA:473,882
DA:474,54
DA:475,882
DA:477,408
DA:478,126
DA:479,114
DA:480,114
DA:482,408
DA:484,1014
DA:494,2548
DA:495,2548
DA:496,2548
DA:501,3282
DA:504,38338
DA:505,38338
DA:506,38338
DA:507,38338
DA:508,38338
DA:511,38338
DA:513,8319
DA:515,38338
DA:518,3282
DA:521,115014
DA:522,115014
DA:523,115014
DA:524,115014
DA:525,115014
DA:527,17468
DA:528,53396
DA:529,53396
DA:530,40341
DA:531,0
DA:532,0
DA:534,40341
DA:535,40341
DA:536,38865
DA:538,14531
DA:539,14531
DA:541,17468
DA:542,6971
DA:543,28406
DA:544,28406
DA:545,28406
DA:546,8767
DA:551,115014
DA:555,13518
DA:556,13518
DA:557,13518
DA:558,13518
DA:559,13518
DA:560,13518
DA:561,13518
DA:562,13518
DA:563,9514
DA:564,9514
DA:566,13518
DA:567,12584
DA:568,8035
DA:569,8035
DA:571,12584
DA:572,17089
DA:574,934
DA:575,13518
DA:579,1013
DA:580,1013
DA:581,1013
DA:582,1012
DA:583,1012
DA:584,1012
DA:586,1013
DA:590,10243
DA:591,10243
DA:592,10243
DA:593,16918
DA:594,16918
DA:595,16918
DA:597,10243
DA:598,10243
DA:599,10243
DA:600,10243
DA:608,27036
DA:609,27036
DA:610,27036
DA:611,17549
DA:620,28049
DA:621,1013
DA:624,28049
DA:625,28049
DA:626,28049
DA:627,4047
DA:628,4047
DA:630,24002
DA:631,14514
DA:632,14514
DA:633,1199
DA:635,14514
DA:636,14514
DA:640,12921
DA:641,12921
DA:644,3282
DA:647,8319
DA:648,8319
DA:649,8319
DA:650,8319
DA:651,8317
DA:652,8317
DA:653,8317
DA:654,8317
DA:655,8317
DA:656,43330
DA:657,43330
DA:658,43330
DA:659,43330
DA:660,43330
DA:661,47764
DA:662,47764
DA:665,43330
DA:666,57387
DA:667,43330
DA:668,43330
DA:669,43330
DA:670,43330
DA:671,1423
DA:672,402
DA:674,1021
DA:676,1423
DA:677,1423
DA:678,1423
DA:681,8317
DA:682,1021
DA:684,7296
DA:686,8317
DA:692,0
DA:693,0
DA:696,0
DA:697,0
DA:701,0
DA:702,0
DA:705,0
DA:706,0
DA:710,0
DA:713,0
DA:714,0
LF:386
LH:367
BRDA:60,0,0,14124
BRDA:60,0,1,4100
BRDA:64,1,0,802
BRDA:64,1,1,31
BRDA:68,2,0,0
BRDA:68,2,1,0
BRDA:72,3,0,5
BRDA:72,3,1,5
BRDA:79,4,0,4671
BRDA:79,4,1,45585
BRDA:81,5,0,1219
BRDA:82,6,0,122
BRDA:84,7,0,831
BRDA:89,8,0,15674
BRDA:90,9,0,45478
BRDA:90,9,1,32423
BRDA:94,10,0,14548
BRDA:105,11,0,2
BRDA:105,11,1,43
BRDA:107,12,0,0
BRDA:108,13,0,1
BRDA:110,14,0,3
BRDA:115,15,0,17
BRDA:116,16,0,25
BRDA:116,16,1,43
BRDA:120,17,0,14
BRDA:132,18,0,0
BRDA:132,18,1,347
BRDA:134,19,0,0
BRDA:135,20,0,0
BRDA:137,21,0,10
BRDA:142,22,0,30
BRDA:143,23,0,323
BRDA:143,23,1,47
BRDA:147,24,0,47
BRDA:167,25,0,9495
BRDA:169,26,0,0
BRDA:174,27,0,16287
BRDA:174,28,0,51630
BRDA:174,28,1,31704
BRDA:182,29,0,18590
BRDA:185,30,0,18273
BRDA:185,31,0,18590
BRDA:185,31,1,18590
BRDA:186,32,0,14115
BRDA:191,33,0,48662
BRDA:193,34,0,18533
BRDA:193,35,0,48662
BRDA:193,35,1,40928
BRDA:194,36,0,13566
BRDA:198,37,0,0
BRDA:203,38,0,1160
BRDA:203,38,1,10002
BRDA:203,39,0,840
BRDA:203,39,1,320
BRDA:206,40,0,47631
BRDA:227,41,0,52
BRDA:227,41,1,2213
BRDA:230,42,0,1444
BRDA:249,43,0,1740
BRDA:251,44,0,30
BRDA:251,45,0,347
BRDA:251,45,1,82
BRDA:272,46,0,816
BRDA:273,47,0,25
BRDA:273,48,0,816
BRDA:273,48,1,816
BRDA:277,49,0,776
BRDA:277,50,0,816
BRDA:277,50,1,781
BRDA:279,51,0,36
BRDA:279,52,0,36
BRDA:279,52,1,36
BRDA:279,53,0,31
BRDA:279,53,1,5
BRDA:283,54,0,2006
BRDA:284,55,0,1990
BRDA:284,55,1,994
BRDA:284,56,0,2984
BRDA:284,56,1,994
BRDA:285,57,0,919
BRDA:285,58,0,994
BRDA:285,58,1,994
BRDA:287,59,0,16
BRDA:289,60,0,16
BRDA:289,60,1,0
BRDA:301,61,0,1487
BRDA:304,62,0,1487
BRDA:304,62,1,1487
BRDA:312,63,0,17095
BRDA:313,64,0,8601
BRDA:313,65,0,17095
BRDA:313,65,1,8560
BRDA:320,66,0,8644
BRDA:321,67,0,264
BRDA:321,68,0,8644
BRDA:321,68,1,8644
BRDA:326,69,0,42980
BRDA:326,69,1,0
BRDA:326,70,0,42980
BRDA:326,70,1,8380
BRDA:338,71,0,10038
BRDA:339,72,0,52866
BRDA:339,72,1,9837
BRDA:340,73,0,52866
BRDA:340,73,1,10036
BRDA:360,74,0,7
BRDA:376,75,0,6288
BRDA:376,75,1,2383
BRDA:377,76,0,2174
BRDA:379,77,0,782
BRDA:384,78,0,6591
BRDA:384,79,0,26396
BRDA:384,79,1,20341
BRDA:386,80,0,2
BRDA:388,81,0,2
BRDA:388,82,0,2
BRDA:388,82,1,2
BRDA:388,82,2,2
BRDA:390,83,0,14079
BRDA:390,83,1,14079
BRDA:390,83,2,12402
BRDA:404,84,0,4706
BRDA:404,84,1,1087
BRDA:405,85,0,702
BRDA:410,86,0,26
BRDA:412,87,0,26
BRDA:414,88,0,11426
BRDA:414,88,1,11426
BRDA:414,88,2,9014
BRDA:432,89,0,996
BRDA:437,90,0,198
BRDA:448,91,0,2316
BRDA:448,91,1,2100
BRDA:449,92,0,18
BRDA:451,93,0,6
BRDA:460,94,0,0
BRDA:462,95,0,948
BRDA:462,95,1,168
BRDA:471,96,0,882
BRDA:473,97,0,828
BRDA:473,97,1,54
BRDA:478,98,0,114
BRDA:482,99,0,186
BRDA:496,100,0,2548
BRDA:496,100,1,978
BRDA:496,100,2,595
BRDA:503,101,0,8319
BRDA:511,102,0,8319
BRDA:525,103,0,17468
BRDA:529,104,0,40341
BRDA:530,105,0,0
BRDA:530,106,0,40341
BRDA:530,106,1,40341
BRDA:534,107,0,40341
BRDA:534,107,1,39792
BRDA:535,108,0,1476
BRDA:535,108,1,38865
BRDA:538,109,0,1013
BRDA:538,109,1,13518
BRDA:541,110,0,6971
BRDA:544,111,0,28406
BRDA:545,112,0,19639
BRDA:562,113,0,9514
BRDA:564,114,0,4987
BRDA:566,115,0,12584
BRDA:566,115,1,934
BRDA:567,116,0,8035
BRDA:569,117,0,8034
BRDA:573,118,0,17089
BRDA:573,118,1,17088
BRDA:581,119,0,1012
BRDA:584,120,0,295
BRDA:596,121,0,16918
BRDA:596,121,1,16503
BRDA:599,122,0,6911
BRDA:600,123,0,6010
BRDA:600,124,0,10243
BRDA:600,124,1,6412
BRDA:610,125,0,9487
BRDA:620,126,0,1013
BRDA:625,127,0,5181
BRDA:626,128,0,4047
BRDA:626,128,1,24002
BRDA:630,129,0,9488
BRDA:632,130,0,13315
BRDA:632,130,1,1199
BRDA:635,131,0,14514
BRDA:640,132,0,49
BRDA:650,133,0,2
BRDA:660,134,0,43330
BRDA:660,134,1,636
BRDA:670,135,0,1423
BRDA:671,136,0,402
BRDA:671,136,1,1021
BRDA:681,137,0,1021
BRDA:681,137,1,7296
BRDA:691,138,0,0
BRDA:696,139,0,0
BRDA:696,139,1,0
BRDA:697,140,0,0
BRDA:697,140,1,0
BRDA:705,141,0,0
BRDA:705,141,1,0
BRDA:706,142,0,0
BRDA:706,142,1,0
BRDA:713,143,0,0
BRDA:713,143,1,0
BRDA:714,144,0,0
BRDA:714,144,1,0
BRF:210
BRH:185
end_of_record
TN:
SF:src/json-crdt-extensions/peritext/overlay/OverlayPoint.ts
FN:15,(anonymous_0)
FN:39,(anonymous_1)
FN:72,(anonymous_2)
FN:99,(anonymous_3)
FN:132,(anonymous_4)
FN:155,(anonymous_5)
FN:165,(anonymous_6)
FN:175,(anonymous_7)
FN:185,(anonymous_8)
FN:208,(anonymous_9)
FN:212,(anonymous_10)
FN:216,(anonymous_11)
FN:223,(anonymous_12)
FN:226,(anonymous_13)
FNF:14
FNH:9
FNDA:34632,(anonymous_0)
FNDA:17116,(anonymous_1)
FNDA:37311,(anonymous_2)
FNDA:967,(anonymous_3)
FNDA:16972,(anonymous_4)
FNDA:3,(anonymous_5)
FNDA:3,(anonymous_6)
FNDA:1,(anonymous_7)
FNDA:20488,(anonymous_8)
FNDA:0,(anonymous_9)
FNDA:0,(anonymous_10)
FNDA:0,(anonymous_11)
FNDA:0,(anonymous_12)
FNDA:0,(anonymous_13)
DA:1,56
DA:2,56
DA:3,56
DA:4,56
DA:15,56
DA:20,34632
DA:29,34632
DA:40,17116
DA:41,17116
DA:42,17116
DA:43,6008
DA:44,6008
DA:48,11108
DA:49,11108
DA:50,11108
DA:51,11108
DA:52,10683
DA:53,10683
DA:54,425
DA:55,418
DA:56,134
DA:57,134
DA:58,134
DA:59,6
DA:60,6
DA:61,128
DA:63,410
DA:73,37311
DA:74,37311
DA:75,37311
DA:76,46813
DA:77,16052
DA:78,16052
DA:89,34632
DA:100,967
DA:101,967
DA:102,967
DA:103,942
DA:104,942
DA:108,25
DA:109,25
DA:110,25
DA:111,25
DA:112,5
DA:113,5
DA:114,20
DA:115,10
DA:116,6
DA:117,6
DA:118,6
DA:119,0
DA:120,0
DA:121,6
DA:123,5
DA:133,16972
DA:134,16972
DA:135,16972
DA:136,432
DA:137,370
DA:138,370
DA:148,34632
DA:156,3
DA:157,3
DA:166,3
DA:167,3
DA:176,1
DA:186,20488
DA:187,20488
DA:188,20488
DA:189,22024
DA:190,22024
DA:191,50
DA:192,50
DA:193,50
DA:195,21974
DA:199,20389
DA:200,20389
DA:201,20389
DA:209,0
DA:213,0
DA:217,0
DA:218,0
DA:219,0
DA:220,0
DA:221,0
DA:222,0
DA:223,0
DA:224,0
DA:225,0
DA:226,0
DA:227,0
DA:232,34632
DA:233,34632
DA:234,34632
LF:94
LH:79
BRDA:42,0,0,6008
BRDA:51,1,0,10683
BRDA:51,1,1,425
BRDA:54,2,0,7
BRDA:58,3,0,6
BRDA:58,3,1,128
BRDA:61,4,0,2
BRDA:76,5,0,16052
BRDA:102,6,0,942
BRDA:111,7,0,5
BRDA:111,7,1,20
BRDA:114,8,0,10
BRDA:118,9,0,0
BRDA:118,9,1,6
BRDA:121,10,0,5
BRDA:136,11,0,370
BRDA:190,12,0,50
BRDA:195,13,0,20389
BRDA:196,14,0,21974
BRDA:196,14,1,10829
BRDA:196,14,2,11779
BRDA:196,14,3,11144
BRDA:212,15,0,0
BRDA:216,16,0,0
BRDA:217,17,0,0
BRDA:217,17,1,0
BRDA:219,18,0,0
BRF:27
BRH:21
end_of_record
TN:
SF:src/json-crdt-extensions/peritext/overlay/refs.ts
FN:16,(anonymous_0)
FN:20,(anonymous_1)
FNF:2
FNH:2
FNDA:13525,(anonymous_0)
FNDA:13523,(anonymous_1)
DA:15,56
DA:16,13525
DA:19,56
DA:20,13523
LF:4
LH:4
BRF:0
BRH:0
end_of_record
TN:
SF:src/json-crdt-extensions/peritext/rga/Point.ts
FN:27,(anonymous_0)
FN:39,(anonymous_1)
FN:49,(anonymous_2)
FN:63,(anonymous_3)
FN:79,(anonymous_4)
FN:111,(anonymous_5)
FN:127,(anonymous_6)
FN:139,(anonymous_7)
FN:154,(anonymous_8)
FN:199,(anonymous_9)
FN:232,(anonymous_10)
FN:254,(anonymous_11)
FN:270,(anonymous_12)
FN:281,(anonymous_13)
FN:289,(anonymous_14)
FN:297,(anonymous_15)
FN:306,(anonymous_16)
FN:317,(anonymous_17)
FN:329,(anonymous_18)
FN:337,(anonymous_19)
FN:345,(anonymous_20)
FN:354,(anonymous_21)
FN:366,(anonymous_22)
FN:391,(anonymous_23)
FN:419,(anonymous_24)
FN:432,(anonymous_25)
FN:465,(anonymous_26)
FN:484,(anonymous_27)
FN:490,(anonymous_28)
FN:496,(anonymous_29)
FN:500,(anonymous_30)
FNF:31
FNH:27
FNDA:222394,(anonymous_0)
FNDA:36,(anonymous_1)
FNDA:81717,(anonymous_2)
FNDA:147489,(anonymous_3)
FNDA:255918,(anonymous_4)
FNDA:442255,(anonymous_5)
FNDA:317750,(anonymous_6)
FNDA:1352,(anonymous_7)
FNDA:20865,(anonymous_8)
FNDA:32208,(anonymous_9)
FNDA:3104,(anonymous_10)
FNDA:3578,(anonymous_11)
FNDA:0,(anonymous_12)
FNDA:737523,(anonymous_13)
FNDA:173010,(anonymous_14)
FNDA:109894,(anonymous_15)
FNDA:164,(anonymous_16)
FNDA:158,(anonymous_17)
FNDA:1857,(anonymous_18)
FNDA:106,(anonymous_19)
FNDA:295,(anonymous_20)
FNDA:7,(anonymous_21)
FNDA:17618,(anonymous_22)
FNDA:41338,(anonymous_23)
FNDA:506,(anonymous_24)
FNDA:7421,(anonymous_25)
FNDA:504,(anonymous_26)
FNDA:0,(anonymous_27)
FNDA:22,(anonymous_28)
FNDA:0,(anonymous_29)
FNDA:0,(anonymous_30)
DA:1,57
DA:2,57
DA:3,57
DA:4,57
DA:5,57
DA:26,57
DA:28,222394
DA:29,222394
DA:30,222394
DA:40,36
DA:41,36
DA:50,81717
DA:64,147489
DA:65,147489
DA:66,104321
DA:80,255918
DA:81,255918
DA:82,255918
DA:83,57890
DA:84,57890
DA:85,198028
DA:86,1678
DA:87,1678
DA:89,196350
DA:90,196350
DA:91,158086
DA:92,158086
DA:93,2714
DA:94,2714
DA:95,2714
DA:96,2652
DA:97,2652
DA:98,2652
DA:99,24956
DA:100,24225
DA:102,1921
DA:112,442255
DA:113,442255
DA:114,442255
DA:115,336151
DA:116,336151
DA:117,336151
DA:118,336151
DA:120,120311
DA:121,120311
DA:128,317750
DA:129,317750
DA:130,317603
DA:131,317603
DA:132,295403
DA:140,1352
DA:141,1352
DA:142,1352
DA:143,1217
DA:155,20865
DA:156,20864
DA:157,20864
DA:159,20864
DA:160,757
DA:161,1522
DA:162,757
DA:163,757
DA:164,757
DA:165,79
DA:166,79
DA:168,20107
DA:169,20107
DA:170,20107
DA:171,20069
DA:172,20069
DA:173,20069
DA:174,10554
DA:176,10592
DA:179,10671
DA:180,47105
DA:181,39886
DA:182,39886
DA:184,7219
DA:185,7219
DA:186,7219
DA:187,1271
DA:188,1271
DA:190,4723
DA:191,0
DA:200,32208
DA:201,32151
DA:202,32151
DA:203,32151
DA:204,32151
DA:205,31917
DA:206,31709
DA:207,31709
DA:208,17877
DA:210,18085
DA:211,18085
DA:212,43781
DA:213,32708
DA:214,32708
DA:216,11073
DA:217,11073
DA:218,9912
DA:220,1161
DA:221,1161
DA:223,8173
DA:233,3104
DA:234,3104
DA:235,33
DA:236,33
DA:237,33
DA:239,3071
DA:240,3071
DA:241,3071
DA:242,3018
DA:243,3018
DA:244,3018
DA:245,3018
DA:255,3578
DA:256,3578
DA:257,75
DA:258,75
DA:259,75
DA:261,3503
DA:262,3503
DA:263,3503
DA:264,2671
DA:265,2671
DA:266,2671
DA:267,2671
DA:271,0
DA:282,737523
DA:290,173010
DA:298,109894
DA:307,164
DA:308,116
DA:309,116
DA:318,158
DA:319,112
DA:320,112
DA:321,112
DA:322,112
DA:323,112
DA:330,1857
DA:331,1857
DA:338,106
DA:339,106
DA:346,295
DA:347,295
DA:348,295
DA:355,7
DA:356,7
DA:357,7
DA:367,17618
DA:368,17618
DA:369,467
DA:370,409
DA:371,409
DA:372,409
DA:373,409
DA:374,409
DA:377,58
DA:378,58
DA:380,17151
DA:381,15816
DA:382,15816
DA:392,41338
DA:393,41338
DA:394,1778
DA:395,477
DA:396,477
DA:397,477
DA:398,476
DA:399,476
DA:400,476
DA:401,476
DA:402,476
DA:406,1302
DA:407,1302
DA:409,39560
DA:410,26377
DA:411,26377
DA:420,506
DA:421,342
DA:433,7421
DA:434,6932
DA:435,6932
DA:436,6932
DA:437,3777
DA:438,3777
DA:439,40
DA:440,40
DA:442,3737
DA:443,3737
DA:446,3155
DA:447,3155
DA:448,259
DA:449,259
DA:451,2896
DA:452,2896
DA:455,6633
DA:466,504
DA:467,504
DA:468,504
DA:469,498
DA:470,352
DA:471,352
DA:472,77
DA:473,73
DA:475,146
DA:476,146
DA:477,65
DA:478,63
DA:481,498
DA:485,0
DA:491,22
DA:497,0
DA:501,0
DA:502,0
DA:503,0
DA:504,0
DA:505,0
DA:506,0
DA:507,0
LF:222
LH:211
BRDA:65,0,0,43168
BRDA:82,1,0,57890
BRDA:82,1,1,198028
BRDA:84,2,0,40359
BRDA:84,2,1,17531
BRDA:84,3,0,954
BRDA:84,3,1,39405
BRDA:84,4,0,404
BRDA:84,4,1,17127
BRDA:85,5,0,1678
BRDA:87,6,0,1246
BRDA:87,6,1,432
BRDA:87,7,0,0
BRDA:87,7,1,1246
BRDA:87,8,0,0
BRDA:87,8,1,432
BRDA:90,9,0,38264
BRDA:92,10,0,155372
BRDA:94,11,0,0
BRDA:95,12,0,62
BRDA:99,13,0,731
BRDA:114,14,0,336151
BRDA:118,15,0,321944
BRDA:118,16,0,336151
BRDA:118,16,1,335607
BRDA:118,16,2,330793
BRDA:129,17,0,147
BRDA:129,18,0,28
BRDA:129,18,1,119
BRDA:131,19,0,22200
BRDA:142,20,0,135
BRDA:142,21,0,107
BRDA:142,21,1,28
BRDA:143,22,0,343
BRDA:143,22,1,874
BRDA:154,23,0,16976
BRDA:155,24,0,1
BRDA:159,25,0,757
BRDA:159,25,1,20107
BRDA:161,26,0,2279
BRDA:161,26,1,2279
BRDA:162,27,0,0
BRDA:164,28,0,678
BRDA:169,29,0,0
BRDA:170,30,0,20069
BRDA:173,31,0,9515
BRDA:173,31,1,10554
BRDA:179,32,0,51828
BRDA:179,32,1,47105
BRDA:180,33,0,39886
BRDA:186,34,0,5948
BRDA:186,35,0,226
BRDA:186,35,1,5722
BRDA:190,36,0,4723
BRDA:191,37,0,0
BRDA:191,37,1,0
BRDA:199,38,0,28953
BRDA:200,39,0,57
BRDA:204,40,0,234
BRDA:205,41,0,31709
BRDA:207,42,0,13832
BRDA:212,43,0,32708
BRDA:217,44,0,9912
BRDA:234,45,0,33
BRDA:236,46,0,0
BRDA:241,47,0,53
BRDA:243,48,0,0
BRDA:243,49,0,3018
BRDA:243,49,1,3018
BRDA:256,50,0,75
BRDA:258,51,0,0
BRDA:263,52,0,832
BRDA:265,53,0,0
BRDA:265,54,0,2671
BRDA:265,54,1,2671
BRDA:271,55,0,0
BRDA:271,55,1,0
BRDA:290,56,0,173010
BRDA:290,56,1,10665
BRDA:298,57,0,109894
BRDA:298,57,1,5586
BRDA:307,58,0,48
BRDA:309,59,0,116
BRDA:309,59,1,116
BRDA:318,60,0,46
BRDA:321,61,0,0
BRDA:323,62,0,112
BRDA:323,62,1,112
BRDA:368,63,0,467
BRDA:369,64,0,409
BRDA:371,65,0,409
BRDA:380,66,0,1335
BRDA:380,67,0,17151
BRDA:380,67,1,17144
BRDA:382,68,0,15816
BRDA:382,68,1,4662
BRDA:393,69,0,1778
BRDA:394,70,0,477
BRDA:397,71,0,476
BRDA:399,72,0,476
BRDA:409,73,0,13183
BRDA:409,74,0,39560
BRDA:409,74,1,39387
BRDA:411,75,0,26377
BRDA:411,75,1,7944
BRDA:420,76,0,164
BRDA:420,76,1,342
BRDA:433,77,0,489
BRDA:435,78,0,4048
BRDA:436,79,0,3777
BRDA:436,79,1,3155
BRDA:438,80,0,40
BRDA:438,80,1,3737
BRDA:443,81,0,2149
BRDA:447,82,0,259
BRDA:447,82,1,2896
BRDA:452,83,0,1746
BRDA:468,84,0,498
BRDA:469,85,0,352
BRDA:469,85,1,146
BRDA:471,86,0,275
BRDA:471,86,1,77
BRDA:472,87,0,4
BRDA:472,87,1,73
BRDA:476,88,0,81
BRDA:476,88,1,65
BRDA:477,89,0,2
BRDA:477,89,1,63
BRDA:485,90,0,0
BRDA:485,90,1,0
BRDA:500,91,0,0
BRDA:501,92,0,0
BRDA:501,92,1,0
BRDA:505,93,0,0
BRDA:505,93,1,0
BRDA:506,94,0,0
BRDA:506,94,1,0
BRDA:507,95,0,0
BRDA:507,95,1,0
BRF:139
BRH:114
end_of_record
TN:
SF:src/json-crdt-extensions/peritext/rga/Range.ts
FN:24,(anonymous_0)
FN:48,(anonymous_1)
FN:82,(anonymous_2)
FN:93,(anonymous_3)
FN:97,(anonymous_4)
FN:101,(anonymous_5)
FN:112,(anonymous_6)
FN:122,(anonymous_7)
FN:126,(anonymous_8)
FN:132,(anonymous_9)
FN:137,(anonymous_10)
FN:141,(anonymous_11)
FN:146,(anonymous_12)
FN:155,(anonymous_13)
FN:166,(anonymous_14)
FN:177,(anonymous_15)
FN:187,(anonymous_16)
FN:199,(anonymous_17)
FN:208,(anonymous_18)
FN:218,(anonymous_19)
FN:227,(anonymous_20)
FN:236,(anonymous_21)
FN:244,(anonymous_22)
FN:248,(anonymous_23)
FNF:24
FNH:20
FNDA:1675,(anonymous_0)
FNDA:31636,(anonymous_1)
FNDA:82487,(anonymous_2)
FNDA:5469,(anonymous_3)
FNDA:8,(anonymous_4)
FNDA:0,(anonymous_5)
FNDA:12809,(anonymous_6)
FNDA:30598,(anonymous_7)
FNDA:35499,(anonymous_8)
FNDA:2,(anonymous_9)
FNDA:3930,(anonymous_10)
FNDA:3886,(anonymous_11)
FNDA:24,(anonymous_12)
FNDA:1,(anonymous_13)
FNDA:13,(anonymous_14)
FNDA:9243,(anonymous_15)
FNDA:6,(anonymous_16)
FNDA:1,(anonymous_17)
FNDA:38,(anonymous_18)
FNDA:4584,(anonymous_19)
FNDA:8884,(anonymous_20)
FNDA:0,(anonymous_21)
FNDA:0,(anonymous_22)
FNDA:0,(anonymous_23)
DA:1,57
DA:2,57
DA:3,57
DA:14,57
DA:25,1675
DA:49,31636
DA:50,31636
DA:51,3447
DA:52,3447
DA:53,3447
DA:54,3447
DA:56,28189
DA:57,26
DA:58,26
DA:60,28189
DA:61,4
DA:62,4
DA:63,4
DA:65,28189
DA:66,0
DA:67,0
DA:69,28189
DA:70,28189
DA:71,28189
DA:72,28189
DA:73,28189
DA:74,28189
DA:83,82487
DA:84,82487
DA:85,82487
DA:94,5469
DA:98,8
DA:102,0
DA:113,12809
DA:114,12809
DA:115,10179
DA:116,10179
DA:117,10179
DA:118,10179
DA:119,10179
DA:123,30598
DA:127,35499
DA:133,2
DA:134,2
DA:138,3930
DA:142,3886
DA:143,3886
DA:147,24
DA:148,24
DA:156,1
DA:157,1
DA:158,1
DA:159,1
DA:167,13
DA:168,13
DA:169,13
DA:170,13
DA:178,9243
DA:179,9243
DA:188,6
DA:189,6
DA:200,1
DA:201,1
DA:202,1
DA:209,38
DA:219,4584
DA:220,4584
DA:221,4363
DA:222,4363
DA:223,4363
DA:224,4363
DA:225,4363
DA:226,4363
DA:227,4363
DA:228,8884
DA:229,8884
DA:231,4363
DA:237,0
DA:238,0
DA:239,0
DA:245,0
DA:249,0
DA:250,0
DA:251,0
DA:252,0
DA:253,0
DA:254,0
LF:87
LH:74
BRDA:25,0,0,805
BRDA:25,0,1,870
BRDA:48,1,0,0
BRDA:50,2,0,3447
BRDA:51,3,0,1
BRDA:52,4,0,2081
BRDA:52,4,1,1366
BRDA:52,5,0,1366
BRDA:52,5,1,1
BRDA:56,6,0,26
BRDA:60,7,0,4
BRDA:63,8,0,0
BRDA:65,9,0,0
BRDA:69,10,0,39
BRDA:70,11,0,28189
BRDA:70,11,1,0
BRDA:71,12,0,28189
BRDA:71,12,1,0
BRDA:98,13,0,8
BRDA:98,13,1,8
BRDA:102,14,0,0
BRDA:102,14,1,0
BRDA:114,15,0,2630
BRDA:123,16,0,30598
BRDA:123,16,1,23243
BRDA:127,17,0,35499
BRDA:127,17,1,34997
BRDA:132,18,0,0
BRDA:134,19,0,0
BRDA:134,19,1,2
BRDA:141,20,0,1485
BRDA:220,21,0,221
BRDA:223,22,0,3569
BRDA:223,22,1,794
BRDA:224,23,0,1820
BRDA:224,23,1,2543
BRDA:225,24,0,0
BRDA:225,25,0,4363
BRDA:225,25,1,4363
BRDA:229,26,0,8884
BRDA:248,27,0,0
BRDA:248,28,0,0
BRDA:253,29,0,0
BRF:43
BRH:30
end_of_record
TN:
SF:src/json-crdt-extensions/peritext/rga/constants.ts
FN:1,(anonymous_0)
FNF:1
FNH:1
FNDA:57,(anonymous_0)
DA:1,57
DA:2,57
DA:3,57
LF:3
LH:3
BRDA:1,0,0,57
BRDA:1,0,1,57
BRF:2
BRH:2
end_of_record
TN:
SF:src/json-crdt-extensions/peritext/slice/ExtraSlices.ts
FN:4,(anonymous_0)
FNF:1
FNH:0
FNDA:0,(anonymous_0)
DA:1,56
DA:3,56
DA:5,0
LF:3
LH:2
BRF:0
BRH:0
end_of_record
TN:
SF:src/json-crdt-extensions/peritext/slice/LocalSlices.ts
FN:5,(anonymous_0)
FN:10,(anonymous_1)
FNF:2
FNH:1
FNDA:581,(anonymous_0)
FNDA:0,(anonymous_1)
DA:1,56
DA:4,56
DA:6,581
DA:7,581
DA:11,0
LF:5
LH:4
BRDA:7,0,0,61
BRF:1
BRH:1
end_of_record
TN:
SF:src/json-crdt-extensions/peritext/slice/MarkerSlice.ts
FNF:0
FNH:0
DA:1,56
DA:9,56
LF:2
LH:2
BRF:0
BRH:0
end_of_record
TN:
SF:src/json-crdt-extensions/peritext/slice/PersistedSlice.ts
FN:38,(anonymous_0)
FN:60,(anonymous_1)
FN:81,(anonymous_2)
FN:85,(anonymous_3)
FN:91,(anonymous_4)
FN:100,(anonymous_5)
FN:111,(anonymous_6)
FN:140,(anonymous_7)
FN:144,(anonymous_8)
FN:149,(anonymous_9)
FN:161,(anonymous_10)
FN:167,(anonymous_11)
FN:175,(anonymous_12)
FN:193,(anonymous_13)
FN:200,(anonymous_14)
FN:210,(anonymous_15)
FN:216,(anonymous_16)
FNF:17
FNH:10
FNDA:15131,(anonymous_0)
FNDA:29168,(anonymous_1)
FNDA:568,(anonymous_2)
FNDA:7933,(anonymous_3)
FNDA:0,(anonymous_4)
FNDA:4,(anonymous_5)
FNDA:7933,(anonymous_6)
FNDA:11111,(anonymous_7)
FNDA:3,(anonymous_8)
FNDA:0,(anonymous_9)
FNDA:0,(anonymous_10)
FNDA:68751,(anonymous_11)
FNDA:149734,(anonymous_12)
FNDA:0,(anonymous_13)
FNDA:0,(anonymous_14)
FNDA:0,(anonymous_15)
FNDA:0,(anonymous_16)
DA:1,57
DA:2,57
DA:3,57
DA:4,57
DA:5,57
DA:7,57
DA:15,57
DA:16,57
DA:17,57
DA:18,57
DA:19,57
DA:37,57
DA:39,15131
DA:40,15131
DA:41,15131
DA:42,15131
DA:43,15131
DA:44,15131
DA:45,15131
DA:46,15131
DA:47,15131
DA:48,15131
DA:49,15131
DA:50,15131
DA:51,15131
DA:52,15131
DA:53,15131
DA:54,15131
DA:62,29168
DA:64,29168
DA:66,29168
DA:68,29168
DA:71,29168
DA:72,29168
DA:74,29168
DA:75,29168
DA:76,29168
DA:77,29168
DA:78,29168
DA:82,568
DA:86,7933
DA:92,0
DA:93,0
DA:101,4
DA:102,4
DA:112,7933
DA:113,7933
DA:114,7933
DA:115,4
DA:116,4
DA:118,7933
DA:119,7920
DA:120,7920
DA:121,7920
DA:122,7920
DA:123,7920
DA:125,7933
DA:126,7909
DA:127,7909
DA:129,7933
DA:130,7933
DA:132,7924
DA:135,7924
DA:137,7933
DA:141,11111
DA:145,3
DA:146,3
DA:150,0
DA:151,0
DA:152,0
DA:153,0
DA:154,0
DA:155,0
DA:156,0
DA:157,0
DA:158,0
DA:162,0
DA:163,0
DA:164,0
DA:168,68751
DA:173,29168
DA:176,149734
DA:177,149734
DA:178,149734
DA:179,149734
DA:180,149734
DA:181,14564
DA:182,14564
DA:183,14564
DA:184,14564
DA:185,14564
DA:186,14564
DA:188,149734
DA:194,0
DA:195,0
DA:197,0
DA:201,0
DA:202,0
DA:203,0
DA:204,0
DA:207,0
DA:211,0
DA:212,0
DA:213,0
DA:214,0
DA:216,0
LF:106
LH:79
BRDA:41,0,0,15131
BRDA:41,0,1,4512
BRDA:43,1,0,0
BRDA:44,2,0,0
BRDA:45,3,0,0
BRDA:91,4,0,0
BRDA:114,5,0,4
BRDA:118,6,0,7920
BRDA:123,7,0,0
BRDA:123,7,1,7920
BRDA:125,8,0,7909
BRDA:129,9,0,5
BRDA:130,10,0,7924
BRDA:146,11,0,3
BRDA:146,11,1,3
BRDA:153,12,0,0
BRDA:155,13,0,0
BRDA:157,14,0,0
BRDA:163,15,0,0
BRDA:180,16,0,14564
BRDA:194,17,0,0
BRDA:194,18,0,0
BRDA:194,18,1,0
BRDA:194,18,2,0
BRDA:202,19,0,0
BRDA:202,19,1,0
BRDA:206,20,0,0
BRDA:206,20,1,0
BRDA:210,21,0,0
BRDA:212,22,0,0
BRDA:212,22,1,0
BRDA:216,23,0,0
BRDA:216,23,1,0
BRF:33
BRH:11
end_of_record
TN:
SF:src/json-crdt-extensions/peritext/slice/Slices.ts
FN:27,(anonymous_0)
FN:36,(anonymous_1)
FN:82,(anonymous_2)
FN:86,(anonymous_3)
FN:109,(anonymous_4)
FN:113,(anonymous_5)
FN:117,(anonymous_6)
FN:121,(anonymous_7)
FN:134,(anonymous_8)
FN:138,(anonymous_9)
FN:148,(anonymous_10)
FN:166,(anonymous_11)
FN:170,(anonymous_12)
FN:172,(anonymous_13)
FN:175,(anonymous_14)
FN:177,(anonymous_15)
FN:185,(anonymous_16)
FN:201,(anonymous_17)
FN:210,(anonymous_18)
FN:214,(anonymous_19)
FN:220,(anonymous_20)
FN:221,(anonymous_21)
FNF:22
FNH:18
FNDA:9846,(anonymous_0)
FNDA:13897,(anonymous_1)
FNDA:898,(anonymous_2)
FNDA:870,(anonymous_3)
FNDA:188,(anonymous_4)
FNDA:586,(anonymous_5)
FNDA:22,(anonymous_6)
FNDA:567,(anonymous_7)
FNDA:570,(anonymous_8)
FNDA:2619,(anonymous_9)
FNDA:6964,(anonymous_10)
FNDA:17516,(anonymous_11)
FNDA:18013,(anonymous_12)
FNDA:33584,(anonymous_13)
FNDA:17468,(anonymous_14)
FNDA:53396,(anonymous_15)
FNDA:115048,(anonymous_16)
FNDA:148942,(anonymous_17)
FNDA:0,(anonymous_18)
FNDA:0,(anonymous_19)
FNDA:0,(anonymous_20)
FNDA:0,(anonymous_21)
DA:1,56
DA:2,56
DA:3,56
DA:4,56
DA:6,56
DA:7,56
DA:8,56
DA:9,56
DA:10,56
DA:11,56
DA:12,56
DA:22,56
DA:23,9846
DA:29,9846
DA:31,9846
DA:33,9846
DA:48,13897
DA:49,13897
DA:50,13897
DA:51,13897
DA:52,13897
DA:53,13897
DA:54,13897
DA:56,13897
DA:59,13897
DA:60,13897
DA:61,13897
DA:62,13897
DA:63,13897
DA:69,13897
DA:70,13897
DA:71,13897
DA:73,13897
DA:74,13897
DA:75,13897
DA:77,13897
DA:78,13897
DA:79,13897
DA:83,898
DA:93,870
DA:94,870
DA:95,870
DA:100,870
DA:102,870
DA:103,870
DA:104,870
DA:105,870
DA:106,870
DA:110,188
DA:114,586
DA:118,22
DA:122,567
DA:123,567
DA:124,567
DA:125,567
DA:126,567
DA:127,567
DA:128,567
DA:129,567
DA:130,140
DA:131,567
DA:135,570
DA:139,2619
DA:140,2619
DA:141,2619
DA:142,2619
DA:144,2612
DA:145,2612
DA:149,6964
DA:150,6964
DA:151,6964
DA:152,6964
DA:153,6964
DA:154,19720
DA:155,19720
DA:156,19720
DA:157,6574
DA:160,6964
DA:161,2322
DA:162,2322
DA:163,2322
DA:167,17516
DA:171,18013
DA:172,33584
DA:177,53396
DA:182,9846
DA:183,9846
DA:186,115048
DA:187,115048
DA:188,16186
DA:190,16186
DA:191,205105
DA:192,205105
DA:193,152999
DA:195,52106
DA:199,115048
DA:201,115048
DA:202,148942
DA:203,148942
DA:205,115048
DA:211,0
DA:215,0
DA:221,0
DA:222,0
LF:104
LH:100
BRDA:46,0,0,12005
BRDA:46,1,0,1038
BRDA:46,1,1,10967
BRDA:61,2,0,6369
BRDA:61,2,1,7528
BRDA:69,3,0,7643
BRDA:90,4,0,870
BRDA:124,5,0,567
BRDA:124,5,1,0
BRDA:125,6,0,0
BRDA:127,7,0,0
BRDA:129,8,0,140
BRDA:142,9,0,7
BRDA:154,10,0,19720
BRDA:156,11,0,13146
BRDA:160,12,0,4642
BRDA:187,13,0,16186
BRDA:192,14,0,152999
BRDA:192,14,1,52106
BRDA:193,15,0,6576
BRDA:195,16,0,567
BRDA:214,17,0,0
BRF:22
BRH:18
end_of_record
TN:
SF:src/json-crdt-extensions/peritext/slice/constants.ts
FN:7,(anonymous_0)
FN:76,(anonymous_1)
FN:134,(anonymous_2)
FN:140,(anonymous_3)
FN:146,(anonymous_4)
FN:196,(anonymous_5)
FN:207,(anonymous_6)
FNF:7
FNH:7
FNDA:57,(anonymous_0)
FNDA:57,(anonymous_1)
FNDA:57,(anonymous_2)
FNDA:57,(anonymous_3)
FNDA:57,(anonymous_4)
FNDA:57,(anonymous_5)
FNDA:57,(anonymous_6)
DA:7,57
DA:8,57
DA:9,57
DA:76,57
DA:77,57
DA:78,57
DA:79,57
DA:80,57
DA:81,57
DA:82,57
DA:83,57
DA:84,57
DA:85,57
DA:86,57
DA:87,57
DA:88,57
DA:89,57
DA:90,57
DA:91,57
DA:92,57
DA:93,57
DA:94,57
DA:95,57
DA:96,57
DA:97,57
DA:98,57
DA:99,57
DA:100,57
DA:101,57
DA:102,57
DA:103,57
DA:104,57
DA:105,57
DA:107,57
DA:108,57
DA:109,57
DA:110,57
DA:111,57
DA:112,57
DA:113,57
DA:114,57
DA:115,57
DA:116,57
DA:117,57
DA:118,57
DA:119,57
DA:120,57
DA:121,57
DA:122,57
DA:123,57
DA:124,57
DA:125,57
DA:126,57
DA:127,57
DA:128,57
DA:129,57
DA:130,57
DA:131,57
DA:134,57
DA:135,57
DA:136,57
DA:137,57
DA:140,57
DA:141,57
DA:142,57
DA:143,57
DA:146,57
DA:153,57
DA:165,57
DA:174,57
DA:186,57
DA:193,57
DA:196,57
DA:197,57
DA:198,57
DA:199,57
DA:200,57
DA:201,57
DA:207,57
DA:208,57
DA:209,57
DA:210,57
DA:211,57
DA:212,57
LF:84
LH:84
BRDA:7,0,0,57
BRDA:7,0,1,57
BRDA:76,1,0,57
BRDA:76,1,1,57
BRDA:134,2,0,57
BRDA:134,2,1,57
BRDA:140,3,0,57
BRDA:140,3,1,57
BRDA:146,4,0,57
BRDA:146,4,1,57
BRDA:196,5,0,57
BRDA:196,5,1,57
BRDA:207,6,0,57
BRDA:207,6,1,57
BRF:14
BRH:14
end_of_record
TN:
SF:src/json-crdt-extensions/peritext/slice/index.ts
FN:2,(anonymous_0)
FN:2,(anonymous_1)
FN:2,(anonymous_2)
FNF:3
FNH:2
FNDA:0,(anonymous_0)
FNDA:366,(anonymous_1)
FNDA:2471,(anonymous_2)
DA:2,2527
LF:1
LH:1
BRF:0
BRH:0
end_of_record
TN:
SF:src/json-crdt-extensions/peritext/slice/util.ts
FN:4,(anonymous_0)
FN:30,(anonymous_1)
FNF:2
FNH:1
FNDA:15131,(anonymous_0)
FNDA:0,(anonymous_1)
DA:1,57
DA:4,57
DA:5,15131
DA:8,14549
DA:10,582
DA:11,582
DA:12,582
DA:13,582
DA:14,1287
DA:15,1287
DA:18,1287
DA:20,0
DA:23,582
DA:26,0
DA:30,57
DA:31,0
DA:32,0
DA:33,0
DA:34,0
DA:35,0
LF:20
LH:13
BRDA:5,0,0,11047
BRDA:5,0,1,14549
BRDA:5,0,2,582
BRDA:5,0,3,0
BRDA:10,1,0,0
BRDA:11,2,0,0
BRDA:15,3,0,607
BRDA:15,3,1,1287
BRDA:15,3,2,0
BRDA:33,4,0,0
BRDA:33,5,0,0
BRDA:33,5,1,0
BRDA:33,5,2,0
BRDA:33,5,3,0
BRF:14
BRH:5
end_of_record
TN:
SF:src/json-crdt-extensions/peritext/slice/__tests__/setup.ts
FN:4,(anonymous_0)
FN:17,(anonymous_1)
FNF:2
FNH:2
FNDA:601,(anonymous_0)
FNDA:7,(anonymous_1)
DA:1,3
DA:2,3
DA:4,3
DA:5,601
DA:6,601
DA:10,601
DA:11,601
DA:12,601
DA:13,601
DA:14,601
DA:15,601
DA:16,601
DA:17,601
DA:18,7
DA:19,7
DA:20,7
DA:21,7
DA:23,601
LF:18
LH:18
BRF:0
BRH:0
end_of_record
TN:
SF:src/json-crdt-extensions/peritext/util/ChunkSlice.ts
FN:10,(anonymous_0)
FN:25,(anonymous_1)
FN:31,(anonymous_2)
FN:38,(anonymous_3)
FN:47,(anonymous_4)
FN:58,(anonymous_5)
FNF:6
FNH:4
FNDA:6325,(anonymous_0)
FNDA:598,(anonymous_1)
FNDA:0,(anonymous_2)
FNDA:5795,(anonymous_3)
FNDA:7,(anonymous_4)
FNDA:0,(anonymous_5)
DA:1,58
DA:2,58
DA:3,58
DA:9,58
DA:14,6325
DA:16,6325
DA:18,6325
DA:26,598
DA:27,598
DA:28,598
DA:32,0
DA:33,0
DA:34,0
DA:35,0
DA:39,5795
DA:40,5795
DA:45,6325
DA:48,7
DA:49,7
DA:50,7
DA:51,7
DA:52,7
DA:53,7
DA:59,0
DA:60,0
DA:61,0
DA:62,0
DA:63,0
DA:64,0
DA:65,0
DA:66,0
LF:31
LH:19
BRDA:28,0,0,273
BRDA:28,0,1,325
BRDA:58,1,0,0
BRDA:64,2,0,0
BRDA:64,2,1,0
BRDA:64,3,0,0
BRDA:64,3,1,0
BRF:7
BRH:2
end_of_record
TN:
SF:src/json-crdt-extensions/peritext/util/commonLength.ts
FN:3,(anonymous_0)
FNF:1
FNH:1
FNDA:2625,(anonymous_0)
DA:3,56
DA:4,2625
DA:5,2625
DA:6,2625
LF:4
LH:4
BRDA:5,0,0,2645
BRDA:5,0,1,2625
BRDA:5,0,2,20
BRF:3
BRH:3
end_of_record
TN:
SF:src/json-crdt-extensions/quill-delta/QuillDeltaApi.ts
FN:20,(anonymous_0)
FN:37,(anonymous_1)
FN:47,(anonymous_2)
FN:74,(anonymous_3)
FN:93,(anonymous_4)
FN:97,(anonymous_5)
FN:101,(anonymous_6)
FNF:7
FNH:7
FNDA:7977,(anonymous_0)
FNDA:4596,(anonymous_1)
FNDA:10245,(anonymous_2)
FNDA:7612,(anonymous_3)
FNDA:1,(anonymous_4)
FNDA:1,(anonymous_5)
FNDA:13443,(anonymous_6)
DA:1,43
DA:4,43
DA:5,43
DA:6,43
DA:7,43
DA:8,43
DA:20,43
DA:21,7977
DA:22,7977
DA:23,7977
DA:24,7977
DA:25,7977
DA:26,7977
DA:27,9720
DA:28,9720
DA:29,9720
DA:30,2759
DA:32,6961
DA:37,43
DA:38,4596
DA:39,4596
DA:40,4596
DA:41,4596
DA:42,4596
DA:43,4596
DA:44,4596
DA:45,3296
DA:47,3296
DA:48,10245
DA:49,10245
DA:50,10245
DA:51,6537
DA:52,6537
DA:54,3708
DA:55,3708
DA:56,1998
DA:61,4596
DA:62,4596
DA:63,4596
DA:64,4596
DA:65,7283
DA:66,7283
DA:67,7283
DA:68,2255
DA:71,4596
DA:74,43
DA:80,7612
DA:81,7612
DA:82,7612
DA:83,5338
DA:84,912
DA:85,912
DA:87,4426
DA:88,4426
DA:89,4426
DA:92,43
DA:94,1
DA:98,1
DA:102,13443
DA:103,13443
DA:104,13443
DA:105,13443
DA:106,13443
DA:107,27874
DA:108,27874
DA:109,27874
DA:110,15679
DA:111,15679
DA:112,15679
DA:113,12195
DA:114,4583
DA:115,7612
DA:116,7612
DA:117,7612
DA:118,7612
DA:119,7596
DA:120,7596
DA:121,7596
DA:122,7596
DA:124,16
DA:125,16
DA:126,16
DA:127,16
DA:128,16
LF:84
LH:84
BRDA:21,0,0,0
BRDA:29,1,0,2759
BRDA:29,1,1,6961
BRDA:38,2,0,0
BRDA:44,3,0,3296
BRDA:48,4,0,10245
BRDA:50,5,0,6537
BRDA:55,6,0,1998
BRDA:67,7,0,2255
BRDA:67,8,0,7283
BRDA:67,8,1,3197
BRDA:82,9,0,2274
BRDA:82,10,0,7612
BRDA:82,10,1,3186
BRDA:83,11,0,912
BRDA:89,12,0,2469
BRDA:109,13,0,15679
BRDA:109,13,1,12195
BRDA:111,14,0,4596
BRDA:113,15,0,4583
BRDA:113,15,1,7612
BRDA:115,16,0,7612
BRDA:118,17,0,7596
BRDA:118,17,1,16
BRDA:125,18,0,16
BRF:25
BRH:23
end_of_record
TN:
SF:src/json-crdt-extensions/quill-delta/QuillDeltaNode.ts
FN:18,(anonymous_0)
FN:23,(anonymous_1)
FN:27,(anonymous_2)
FN:34,(anonymous_3)
FN:41,(anonymous_4)
FN:53,(anonymous_5)
FNF:6
FNH:5
FNDA:282,(anonymous_0)
FNDA:283,(anonymous_1)
FNDA:1223,(anonymous_2)
FNDA:0,(anonymous_3)
FNDA:2145,(anonymous_4)
FNDA:9788,(anonymous_5)
DA:1,43
DA:2,43
DA:5,43
DA:6,43
DA:7,43
DA:8,43
DA:9,43
DA:10,43
DA:15,43
DA:18,282
DA:19,282
DA:20,282
DA:24,283
DA:28,1223
DA:32,282
DA:35,0
DA:38,282
DA:39,282
DA:42,2145
DA:43,2145
DA:44,2145
DA:45,1178
DA:47,1178
DA:49,1178
DA:50,7294
DA:51,7294
DA:52,7294
DA:53,7294
DA:54,9788
DA:55,9788
DA:57,7294
DA:58,5154
DA:59,34
DA:60,34
DA:61,34
DA:62,34
DA:63,34
DA:65,5120
DA:66,5120
DA:67,1543
DA:68,1543
DA:71,3577
DA:72,3577
DA:73,3577
DA:76,1178
DA:77,1178
DA:78,1178
LF:47
LH:46
BRDA:44,0,0,967
BRDA:55,1,0,9788
BRDA:57,2,0,5154
BRDA:58,3,0,34
BRDA:58,3,1,5120
BRDA:58,4,0,5154
BRDA:58,4,1,391
BRDA:58,4,2,367
BRDA:61,5,0,2
BRDA:66,6,0,1543
BRDA:66,7,0,5120
BRDA:66,7,1,3977
BRDA:66,7,2,3965
BRDA:72,8,0,1498
BRF:14
BRH:14
end_of_record
TN:
SF:src/json-crdt-extensions/quill-delta/constants.ts
FN:3,(anonymous_0)
FNF:1
FNH:1
FNDA:43,(anonymous_0)
DA:1,43
DA:3,43
DA:4,43
DA:5,43
DA:8,43
LF:5
LH:5
BRDA:3,0,0,43
BRDA:3,0,1,43
BRF:2
BRH:2
end_of_record
TN:
SF:src/json-crdt-extensions/quill-delta/index.ts
FN:9,(anonymous_0)
FN:9,(anonymous_1)
FN:16,(anonymous_2)
FNF:3
FNH:1
FNDA:0,(anonymous_0)
FNDA:0,(anonymous_1)
FNDA:276,(anonymous_2)
DA:1,43
DA:2,43
DA:3,43
DA:4,43
DA:5,43
DA:6,43
DA:9,43
DA:11,43
DA:16,276
LF:9
LH:9
BRF:0
BRH:0
end_of_record
TN:
SF:src/json-crdt-extensions/quill-delta/util.ts
FN:8,(anonymous_0)
FN:33,(anonymous_1)
FN:43,(anonymous_2)
FN:57,(anonymous_3)
FNF:4
FNH:4
FNDA:11720,(anonymous_0)
FNDA:1017,(anonymous_1)
FNDA:11887,(anonymous_2)
FNDA:4426,(anonymous_3)
DA:1,44
DA:2,44
DA:3,44
DA:8,44
DA:9,11720
DA:10,11720
DA:11,11720
DA:12,5900
DA:13,5900
DA:14,11382
DA:15,11382
DA:16,11382
DA:18,9061
DA:19,9061
DA:20,9061
DA:23,2321
DA:24,2321
DA:25,2321
DA:29,5900
DA:30,5281
DA:33,44
DA:34,1017
DA:35,1017
DA:36,1017
DA:37,1017
DA:38,1017
DA:39,1396
DA:40,1017
DA:43,44
DA:44,11887
DA:45,10026
DA:46,10026
DA:47,10026
DA:48,10026
DA:49,10026
DA:50,15450
DA:51,15450
DA:52,15450
DA:54,10026
DA:57,44
DA:61,4426
DA:62,1596
DA:63,579
DA:64,579
DA:65,579
DA:66,579
DA:67,751
DA:68,751
DA:69,751
DA:70,751
DA:71,482
DA:73,579
DA:74,579
DA:75,579
DA:76,762
DA:78,762
DA:79,421
DA:81,579
DA:82,483
LF:59
LH:59
BRDA:11,0,0,5820
BRDA:15,1,0,0
BRDA:16,2,0,9061
BRDA:16,2,1,2321
BRDA:19,3,0,9061
BRDA:24,4,0,2321
BRDA:29,5,0,619
BRDA:34,6,0,0
BRDA:37,7,0,0
BRDA:44,8,0,1861
BRDA:47,9,0,0
BRDA:52,10,0,9644
BRDA:54,11,0,2494
BRDA:54,11,1,7532
BRDA:61,12,0,2830
BRDA:62,13,0,1017
BRDA:70,14,0,269
BRDA:78,15,0,341
BRDA:81,16,0,96
BRF:19
BRH:15
end_of_record
TN:
SF:src/json-crdt-extensions/quill-delta/__tests__/QuillDeltaFuzzer.ts
FN:19,(anonymous_0)
FN:26,(anonymous_1)
FN:33,(anonymous_2)
FN:39,(anonymous_3)
FN:48,(anonymous_4)
FN:53,(anonymous_5)
FN:63,(anonymous_6)
FN:68,(anonymous_7)
FN:73,(anonymous_8)
FN:78,(anonymous_9)
FN:89,(anonymous_10)
FN:94,(anonymous_11)
FN:114,(anonymous_12)
FN:133,(anonymous_13)
FN:141,(anonymous_14)
FN:159,(anonymous_15)
FNF:16
FNH:15
FNDA:350,(anonymous_0)
FNDA:350,(anonymous_1)
FNDA:15000,(anonymous_2)
FNDA:15000,(anonymous_3)
FNDA:2757,(anonymous_4)
FNDA:2716,(anonymous_5)
FNDA:5333,(anonymous_6)
FNDA:5425,(anonymous_7)
FNDA:5374,(anonymous_8)
FNDA:5364,(anonymous_9)
FNDA:0,(anonymous_10)
FNDA:8090,(anonymous_11)
FNDA:8141,(anonymous_12)
FNDA:5374,(anonymous_13)
FNDA:5364,(anonymous_14)
FNDA:13509,(anonymous_15)
DA:1,2
DA:2,2
DA:3,2
DA:4,2
DA:6,2
DA:7,2
DA:13,2
DA:15,350
DA:16,350
DA:17,350
DA:20,350
DA:27,350
DA:34,15000
DA:35,15000
DA:36,15000
DA:40,15000
DA:41,15000
DA:42,15000
DA:43,15000
DA:44,15000
DA:45,26969
DA:46,26969
DA:47,5473
DA:49,2757
DA:50,2757
DA:51,2757
DA:54,2716
DA:55,2716
DA:56,2716
DA:59,5473
DA:60,5473
DA:62,21496
DA:64,5333
DA:65,5333
DA:66,5333
DA:69,5425
DA:70,5425
DA:71,5425
DA:74,5374
DA:75,5374
DA:76,5374
DA:79,5364
DA:80,5364
DA:81,5364
DA:84,21496
DA:86,15000
DA:90,0
DA:91,0
DA:95,8090
DA:96,8090
DA:97,8090
DA:98,8090
DA:99,8090
DA:100,8090
DA:101,4186
DA:103,8090
DA:104,8090
DA:105,4102
DA:106,4102
DA:107,2848
DA:110,8090
DA:111,8090
DA:115,8141
DA:116,8141
DA:117,8141
DA:118,8141
DA:119,8141
DA:120,8141
DA:121,4283
DA:123,8141
DA:124,8141
DA:125,4043
DA:126,4043
DA:127,2803
DA:130,8141
DA:134,5374
DA:135,5374
DA:136,5374
DA:137,5374
DA:138,5374
DA:142,5364
DA:143,5364
DA:144,5364
DA:145,5364
DA:146,5364
DA:147,5364
DA:148,3651
DA:150,5364
DA:151,5364
DA:152,5364
DA:153,5364
DA:155,5364
DA:156,5364
DA:160,13509
DA:161,13509
DA:162,13509
DA:163,13509
DA:164,27050
DA:165,27050
DA:167,8969
DA:168,8969
DA:171,9028
DA:172,9028
DA:175,9053
DA:176,9053
DA:180,13509
LF:106
LH:104
BRDA:19,0,0,0
BRDA:46,1,0,5473
BRDA:97,2,0,2757
BRDA:97,2,1,5333
BRDA:100,3,0,4186
BRDA:104,4,0,4102
BRDA:106,5,0,2848
BRDA:106,6,0,4102
BRDA:106,6,1,2848
BRDA:117,7,0,2716
BRDA:117,7,1,5425
BRDA:120,8,0,4283
BRDA:124,9,0,4043
BRDA:126,10,0,2803
BRDA:126,11,0,4043
BRDA:126,11,1,2803
BRDA:135,12,0,0
BRDA:143,13,0,0
BRDA:144,14,0,821
BRDA:144,14,1,4543
BRDA:147,15,0,3651
BRDA:152,16,0,5364
BRDA:152,17,0,5364
BRDA:152,17,1,5364
BRDA:165,18,0,8969
BRDA:165,18,1,9028
BRDA:165,18,2,9053
BRF:27
BRH:24
end_of_record
TN:
SF:src/json-crdt-extensions/quill-delta/__tests__/traces/annotate-annotations.ts
FNF:0
FNH:0
DA:3,1
LF:1
LH:1
BRF:0
BRH:0
end_of_record
TN:
SF:src/json-crdt-extensions/quill-delta/__tests__/traces/basic-annotations.ts
FNF:0
FNH:0
DA:7,1
LF:1
LH:1
BRF:0
BRH:0
end_of_record
TN:
SF:src/json-crdt-extensions/quill-delta/__tests__/traces/blocks.ts
FNF:0
FNH:0
DA:6,1
LF:1
LH:1
BRF:0
BRH:0
end_of_record
TN:
SF:src/json-crdt-extensions/quill-delta/__tests__/traces/bold-italic-unitalic.ts
FNF:0
FNH:0
DA:6,1
LF:1
LH:1
BRF:0
BRH:0
[...]
DA:53,4
LF:21
LH:20
BRDA:30,0,0,68
BRDA:30,0,1,10
BRDA:45,1,0,2
BRDA:45,1,1,6
BRF:4
BRH:4
end_of_record
TN:
SF:src/json-patch/op/OpLess.ts
FN:13,(anonymous_0)
FN:20,(anonymous_1)
FN:24,(anonymous_2)
FN:28,(anonymous_3)
FN:35,(anonymous_4)
FN:44,(anonymous_5)
FN:49,(anonymous_6)
FNF:7
FNH:6
FNDA:65,(anonymous_0)
FNDA:3,(anonymous_1)
FNDA:0,(anonymous_2)
FNDA:15,(anonymous_3)
FNDA:25,(anonymous_4)
FNDA:20,(anonymous_5)
FNDA:10,(anonymous_6)
DA:2,15
DA:4,15
DA:5,15
DA:12,15
DA:15,65
DA:17,65
DA:21,3
DA:25,0
DA:29,15
DA:30,15
DA:31,15
DA:32,15
DA:36,25
DA:41,25
DA:45,20
DA:46,20
DA:50,10
DA:51,10
DA:52,10
DA:53,10
LF:20
LH:19
BRDA:30,0,0,0
BRDA:38,1,0,15
BRDA:38,1,1,10
BRDA:45,2,0,5
BRDA:45,2,1,15
BRDA:46,3,0,12
BRDA:46,3,1,8
BRDA:52,4,0,6
BRDA:52,4,1,4
BRF:9
BRH:8
end_of_record
TN:
SF:src/json-patch/op/OpMatches.ts
FN:16,(anonymous_0)
FN:26,(anonymous_1)
FN:30,(anonymous_2)
FN:34,(anonymous_3)
FN:41,(anonymous_4)
FN:51,(anonymous_5)
FN:58,(anonymous_6)
FNF:7
FNH:6
FNDA:18,(anonymous_0)
FNDA:2,(anonymous_1)
FNDA:0,(anonymous_2)
FNDA:8,(anonymous_3)
FNDA:5,(anonymous_4)
FNDA:4,(anonymous_5)
FNDA:2,(anonymous_6)
DA:3,15
DA:4,15
DA:5,15
DA:12,15
DA:18,18
DA:19,18
DA:22,18
DA:23,18
DA:27,2
DA:31,0
DA:35,8
DA:36,8
DA:37,8
DA:38,8
DA:42,5
DA:47,5
DA:48,5
DA:52,4
DA:53,4
DA:59,2
DA:60,2
DA:61,2
DA:62,2
DA:63,2
DA:64,2
LF:25
LH:24
BRDA:36,0,0,0
BRDA:44,1,0,0
BRDA:44,1,1,5
BRDA:47,2,0,0
BRDA:52,3,0,1
BRDA:52,3,1,3
BRDA:53,4,0,0
BRDA:53,4,1,4
BRDA:54,5,0,0
BRDA:54,5,1,0
BRDA:55,6,0,0
BRDA:55,6,1,4
BRDA:60,7,0,0
BRDA:60,7,1,2
BRDA:62,8,0,0
BRDA:62,8,1,2
BRDA:64,9,0,0
BRF:17
BRH:7
end_of_record
TN:
SF:src/json-patch/op/OpMerge.ts
FN:13,(anonymous_0)
FN:21,(anonymous_1)
FN:25,(anonymous_2)
FN:29,(anonymous_3)
FN:44,(anonymous_4)
FN:52,(anonymous_5)
FN:62,(anonymous_6)
FN:67,(anonymous_7)
FNF:8
FNH:7
FNDA:55,(anonymous_0)
FNDA:7,(anonymous_1)
FNDA:0,(anonymous_2)
FNDA:35,(anonymous_3)
FNDA:20,(anonymous_4)
FNDA:10,(anonymous_5)
FNDA:8,(anonymous_6)
FNDA:4,(anonymous_7)
DA:2,15
DA:4,15
DA:5,15
DA:6,15
DA:12,15
DA:15,55
DA:16,55
DA:18,55
DA:22,7
DA:26,0
DA:30,35
DA:31,35
DA:32,25
DA:34,20
DA:35,20
DA:36,20
DA:38,20
DA:39,20
DA:41,20
DA:45,20
DA:46,20
DA:47,20
DA:48,10
DA:49,0
DA:53,10
DA:58,10
DA:59,10
DA:63,8
DA:64,8
DA:68,4
DA:69,4
DA:70,4
DA:71,4
DA:72,4
LF:34
LH:32
BRDA:31,0,0,10
BRDA:32,1,0,5
BRDA:45,2,0,0
BRDA:45,3,0,20
BRDA:45,3,1,0
BRDA:46,4,0,0
BRDA:46,5,0,20
BRDA:46,5,1,0
BRDA:47,6,0,10
BRDA:47,7,0,20
BRDA:47,7,1,10
BRDA:48,8,0,10
BRDA:48,9,0,10
BRDA:48,9,1,10
BRDA:58,10,0,5
BRDA:63,11,0,2
BRDA:63,11,1,6
BRDA:64,12,0,4
BRDA:64,12,1,4
BRDA:68,13,0,2
BRDA:68,13,1,2
BRDA:72,14,0,2
BRF:22
BRH:18
end_of_record
TN:
SF:src/json-patch/op/OpMore.ts
FN:13,(anonymous_0)
FN:20,(anonymous_1)
FN:24,(anonymous_2)
FN:28,(anonymous_3)
FN:35,(anonymous_4)
FN:44,(anonymous_5)
FN:49,(anonymous_6)
FNF:7
FNH:6
FNDA:65,(anonymous_0)
FNDA:3,(anonymous_1)
FNDA:0,(anonymous_2)
FNDA:15,(anonymous_3)
FNDA:25,(anonymous_4)
FNDA:20,(anonymous_5)
FNDA:10,(anonymous_6)
DA:2,15
DA:4,15
DA:5,15
DA:12,15
DA:15,65
DA:17,65
DA:21,3
DA:25,0
DA:29,15
DA:30,15
DA:31,15
DA:32,15
DA:36,25
DA:41,25
DA:45,20
DA:46,20
DA:50,10
DA:51,10
DA:52,10
DA:53,10
LF:20
LH:19
BRDA:30,0,0,0
BRDA:38,1,0,15
BRDA:38,1,1,10
BRDA:45,2,0,5
BRDA:45,2,1,15
BRDA:46,3,0,12
BRDA:46,3,1,8
BRDA:52,4,0,6
BRDA:52,4,1,4
BRF:9
BRH:8
end_of_record
TN:
SF:src/json-patch/op/OpMove.ts
FN:14,(anonymous_0)
FN:21,(anonymous_1)
FN:25,(anonymous_2)
FN:29,(anonymous_3)
FN:35,(anonymous_4)
FN:43,(anonymous_5)
FN:48,(anonymous_6)
FNF:7
FNH:6
FNDA:120,(anonymous_0)
FNDA:17,(anonymous_1)
FNDA:0,(anonymous_2)
FNDA:93,(anonymous_3)
FNDA:17,(anonymous_4)
FNDA:8,(anonymous_5)
FNDA:4,(anonymous_6)
DA:2,16
DA:4,16
DA:5,16
DA:6,16
DA:7,16
DA:13,16
DA:16,120
DA:18,120
DA:22,17
DA:26,0
DA:30,93
DA:31,93
DA:32,92
DA:36,17
DA:44,8
DA:45,8
DA:49,4
DA:50,4
DA:51,4
DA:52,4
LF:20
LH:19
BRDA:44,0,0,2
BRDA:44,0,1,6
BRF:2
BRH:2
end_of_record
TN:
SF:src/json-patch/op/OpNot.ts
FN:14,(anonymous_0)
FN:21,(anonymous_1)
FN:25,(anonymous_2)
FN:29,(anonymous_3)
FN:34,(anonymous_4)
FN:38,(anonymous_5)
FN:43,(anonymous_6)
FN:48,(anonymous_7)
FN:52,(anonymous_8)
FNF:9
FNH:7
FNDA:22,(anonymous_0)
FNDA:0,(anonymous_1)
FNDA:0,(anonymous_2)
FNDA:2,(anonymous_3)
FNDA:10,(anonymous_4)
FNDA:30,(anonymous_5)
FNDA:8,(anonymous_6)
FNDA:24,(anonymous_7)
FNDA:4,(anonymous_8)
DA:2,15
DA:5,15
DA:6,15
DA:13,15
DA:16,22
DA:18,22
DA:22,0
DA:26,0
DA:30,4
DA:31,1
DA:35,10
DA:38,30
DA:40,10
DA:44,8
DA:45,8
DA:48,24
DA:53,4
DA:54,4
DA:55,4
DA:56,4
DA:57,4
DA:58,12
LF:22
LH:20
BRDA:30,0,0,1
BRDA:37,1,0,0
BRDA:37,1,1,10
BRDA:44,2,0,2
BRDA:44,2,1,6
BRDA:47,3,0,0
BRDA:47,3,1,8
BRDA:55,4,0,0
BRDA:55,4,1,4
BRF:9
BRH:6
end_of_record
TN:
SF:src/json-patch/op/OpOr.ts
FN:14,(anonymous_0)
FN:21,(anonymous_1)
FN:25,(anonymous_2)
FN:29,(anonymous_3)
FN:34,(anonymous_4)
FN:38,(anonymous_5)
FN:43,(anonymous_6)
FN:48,(anonymous_7)
FN:52,(anonymous_8)
FNF:9
FNH:7
FNDA:21,(anonymous_0)
FNDA:0,(anonymous_1)
FNDA:0,(anonymous_2)
FNDA:1,(anonymous_3)
FNDA:10,(anonymous_4)
FNDA:30,(anonymous_5)
FNDA:8,(anonymous_6)
FNDA:24,(anonymous_7)
FNDA:4,(anonymous_8)
DA:2,15
DA:5,15
DA:6,15
DA:13,15
DA:16,21
DA:18,21
DA:22,0
DA:26,0
DA:30,2
DA:31,0
DA:35,10
DA:38,30
DA:40,10
DA:44,8
DA:45,8
DA:48,24
DA:53,4
DA:54,4
DA:55,4
DA:56,4
DA:57,4
DA:58,12
LF:22
LH:19
BRDA:30,0,0,1
BRDA:37,1,0,0
BRDA:37,1,1,10
BRDA:44,2,0,2
BRDA:44,2,1,6
BRDA:47,3,0,0
BRDA:47,3,1,8
BRDA:55,4,0,0
BRDA:55,4,1,4
BRF:9
BRH:6
end_of_record
TN:
SF:src/json-patch/op/OpRemove.ts
FN:12,(anonymous_0)
FN:19,(anonymous_1)
FN:23,(anonymous_2)
FN:27,(anonymous_3)
FN:37,(anonymous_4)
FN:46,(anonymous_5)
FN:53,(anonymous_6)
FNF:7
FNH:6
FNDA:254,(anonymous_0)
FNDA:40,(anonymous_1)
FNDA:0,(anonymous_2)
FNDA:205,(anonymous_3)
FNDA:27,(anonymous_4)
FNDA:16,(anonymous_5)
FNDA:8,(anonymous_6)
DA:2,18
DA:4,18
DA:5,18
DA:11,18
DA:14,254
DA:16,254
DA:20,40
DA:24,0
DA:28,205
DA:29,203
DA:30,199
DA:31,85
DA:32,71
DA:33,14
DA:34,199
DA:38,27
DA:42,27
DA:43,27
DA:47,16
DA:48,16
DA:54,8
DA:55,8
DA:56,8
DA:57,8
DA:58,8
LF:25
LH:24
BRDA:29,0,0,4
BRDA:30,1,0,114
BRDA:30,1,1,85
BRDA:31,2,0,71
BRDA:31,2,1,14
BRDA:32,3,0,71
BRDA:42,4,0,11
BRDA:47,5,0,4
BRDA:47,5,1,12
BRDA:48,6,0,8
BRDA:48,6,1,8
BRDA:55,7,0,4
BRDA:55,7,1,4
BRDA:58,8,0,4
BRF:14
BRH:14
end_of_record
TN:
SF:src/json-patch/op/OpReplace.ts
FN:12,(anonymous_0)
FN:20,(anonymous_1)
FN:24,(anonymous_2)
FN:28,(anonymous_3)
FN:37,(anonymous_4)
FN:47,(anonymous_5)
FN:54,(anonymous_6)
FNF:7
FNH:6
FNDA:301,(anonymous_0)
FNDA:14,(anonymous_1)
FNDA:0,(anonymous_2)
FNDA:265,(anonymous_3)
FNDA:20,(anonymous_4)
FNDA:12,(anonymous_5)
FNDA:6,(anonymous_6)
DA:2,16
DA:4,16
DA:5,16
DA:11,16
DA:14,301
DA:15,301
DA:17,301
DA:21,14
DA:25,0
DA:29,265
DA:30,257
DA:31,254
DA:32,147
DA:33,65
DA:34,254
DA:38,20
DA:43,20
DA:44,20
DA:48,12
DA:49,12
DA:55,6
DA:56,6
DA:57,6
DA:58,6
DA:59,6
DA:60,6
LF:26
LH:25
BRDA:30,0,0,3
BRDA:31,1,0,107
BRDA:31,1,1,147
BRDA:32,2,0,82
BRDA:32,2,1,65
BRDA:43,3,0,6
BRDA:48,4,0,3
BRDA:48,4,1,9
BRDA:49,5,0,8
BRDA:49,5,1,4
BRDA:56,6,0,2
BRDA:56,6,1,4
BRDA:60,7,0,2
BRF:13
BRH:13
end_of_record
TN:
SF:src/json-patch/op/OpSplit.ts
FN:15,(anonymous_0)
FN:23,(anonymous_1)
FN:27,(anonymous_2)
FN:31,(anonymous_3)
FN:43,(anonymous_4)
FN:100,(anonymous_5)
FN:110,(anonymous_6)
FN:115,(anonymous_7)
FNF:8
FNH:7
FNDA:165,(anonymous_0)
FNDA:27,(anonymous_1)
FNDA:0,(anonymous_2)
FNDA:135,(anonymous_3)
FNDA:135,(anonymous_4)
FNDA:15,(anonymous_5)
FNDA:12,(anonymous_6)
FNDA:6,(anonymous_7)
DA:2,15
DA:4,15
DA:5,15
DA:6,15
DA:14,15
DA:17,165
DA:18,165
DA:20,165
DA:24,27
DA:28,0
DA:32,135
DA:33,135
DA:34,135
DA:35,135
DA:36,110
DA:37,30
DA:38,30
DA:39,80
DA:40,135
DA:44,135
DA:45,50
DA:46,50
DA:47,50
DA:48,50
DA:49,5
DA:59,5
DA:60,85
DA:61,35
DA:62,35
DA:63,35
DA:64,35
DA:76,35
DA:77,50
DA:78,40
DA:79,40
DA:80,40
DA:81,40
DA:93,40
DA:94,10
DA:95,5
DA:96,5
DA:97,5
DA:101,15
DA:106,15
DA:107,15
DA:111,12
DA:112,12
DA:116,6
DA:117,6
DA:118,6
DA:119,6
DA:120,6
LF:52
LH:51
BRDA:33,0,0,0
BRDA:35,1,0,25
BRDA:35,1,1,110
BRDA:36,2,0,30
BRDA:36,2,1,80
BRDA:44,3,0,50
BRDA:44,3,1,85
BRDA:48,4,0,45
BRDA:60,5,0,35
BRDA:60,5,1,50
BRDA:77,6,0,40
BRDA:77,6,1,10
BRDA:94,7,0,5
BRDA:94,7,1,5
BRDA:106,8,0,5
BRDA:111,9,0,3
BRDA:111,9,1,9
BRDA:112,10,0,4
BRDA:112,10,1,8
BRDA:116,11,0,2
BRDA:116,11,1,4
BRDA:120,12,0,2
BRF:22
BRH:21
end_of_record
TN:
SF:src/json-patch/op/OpStarts.ts
FN:14,(anonymous_0)
FN:22,(anonymous_1)
FN:26,(anonymous_2)
FN:30,(anonymous_3)
FN:39,(anonymous_4)
FN:49,(anonymous_5)
FN:56,(anonymous_6)
FNF:7
FNH:6
FNDA:75,(anonymous_0)
FNDA:9,(anonymous_1)
FNDA:0,(anonymous_2)
FNDA:36,(anonymous_3)
FNDA:15,(anonymous_4)
FNDA:12,(anonymous_5)
FNDA:6,(anonymous_6)
DA:2,15
DA:4,15
DA:5,15
DA:12,15
DA:16,75
DA:17,75
DA:19,75
DA:23,9
DA:27,0
DA:31,36
DA:32,36
DA:33,36
DA:34,36
DA:35,36
DA:36,36
DA:40,15
DA:45,15
DA:46,15
DA:50,12
DA:51,12
DA:57,6
DA:58,6
DA:59,6
DA:60,6
DA:61,6
DA:62,6
LF:26
LH:25
BRDA:32,0,0,0
BRDA:33,1,0,8
BRDA:33,1,1,28
BRDA:34,2,0,8
BRDA:34,2,1,28
BRDA:42,3,0,0
BRDA:42,3,1,15
BRDA:45,4,0,5
BRDA:50,5,0,3
BRDA:50,5,1,9
BRDA:51,6,0,4
BRDA:51,6,1,8
BRDA:52,7,0,0
BRDA:52,7,1,4
BRDA:53,8,0,0
BRDA:53,8,1,8
BRDA:58,9,0,2
BRDA:58,9,1,4
BRDA:60,10,0,0
BRDA:60,10,1,6
BRDA:62,11,0,2
BRF:21
BRH:16
end_of_record
TN:
SF:src/json-patch/op/OpStrDel.ts
FN:12,(anonymous_0)
FN:21,(anonymous_1)
FN:25,(anonymous_2)
FN:29,(anonymous_3)
FN:33,(anonymous_4)
FN:49,(anonymous_5)
FN:66,(anonymous_6)
FN:73,(anonymous_7)
FNF:8
FNH:7
FNDA:115,(anonymous_0)
FNDA:22,(anonymous_1)
FNDA:0,(anonymous_2)
FNDA:17,(anonymous_3)
FNDA:76,(anonymous_4)
FNDA:18,(anonymous_5)
FNDA:12,(anonymous_6)
FNDA:6,(anonymous_7)
DA:2,15
DA:4,15
DA:5,15
DA:11,15
DA:14,115
DA:15,115
DA:16,115
DA:18,115
DA:22,22
DA:26,0
DA:30,17
DA:34,76
DA:35,76
DA:36,76
DA:37,76
DA:38,76
DA:39,76
DA:40,76
DA:41,76
DA:42,76
DA:43,76
DA:44,76
DA:45,20
DA:46,76
DA:50,18
DA:51,8
DA:58,10
DA:67,12
DA:68,12
DA:74,6
DA:75,6
DA:76,6
DA:77,6
DA:78,6
DA:79,6
DA:80,2
DA:82,4
DA:83,4
LF:38
LH:37
BRDA:30,0,0,17
BRDA:30,0,1,0
BRDA:35,1,0,0
BRDA:39,2,0,31
BRDA:39,2,1,45
BRDA:44,3,0,56
BRDA:44,3,1,20
BRDA:50,4,0,8
BRDA:67,5,0,3
BRDA:67,5,1,9
BRDA:68,6,0,4
BRDA:68,6,1,8
BRDA:75,7,0,2
BRDA:75,7,1,4
BRDA:79,8,0,2
BRDA:79,8,1,4
BRF:16
BRH:14
end_of_record
TN:
SF:src/json-patch/op/OpStrIns.ts
FN:12,(anonymous_0)
FN:20,(anonymous_1)
FN:24,(anonymous_2)
FN:28,(anonymous_3)
FN:44,(anonymous_4)
FN:54,(anonymous_5)
FN:59,(anonymous_6)
FNF:7
FNH:6
FNDA:142,(anonymous_0)
FNDA:28,(anonymous_1)
FNDA:0,(anonymous_2)
FNDA:115,(anonymous_3)
FNDA:14,(anonymous_4)
FNDA:8,(anonymous_5)
FNDA:4,(anonymous_6)
DA:2,15
DA:4,15
DA:5,15
DA:11,15
DA:14,142
DA:15,142
DA:17,142
DA:21,28
DA:25,0
DA:29,115
DA:30,115
DA:31,35
DA:32,10
DA:34,85
DA:35,85
DA:36,85
DA:37,85
DA:38,85
DA:39,85
DA:40,5
DA:41,85
DA:45,14
DA:51,14
DA:55,8
DA:56,8
DA:60,4
DA:61,4
DA:62,4
DA:63,4
DA:64,4
LF:30
LH:29
BRDA:30,0,0,35
BRDA:31,1,0,25
BRDA:32,2,0,5
BRDA:34,3,0,80
BRDA:34,3,1,5
BRDA:39,4,0,80
BRDA:39,4,1,5
BRDA:55,5,0,2
BRDA:55,5,1,6
BRF:9
BRH:9
end_of_record
TN:
SF:src/json-patch/op/OpTest.ts
FN:15,(anonymous_0)
FN:23,(anonymous_1)
FN:27,(anonymous_2)
FN:31,(anonymous_3)
FN:38,(anonymous_4)
FN:48,(anonymous_5)
FN:54,(anonymous_6)
FNF:7
FNH:6
FNDA:356,(anonymous_0)
FNDA:39,(anonymous_1)
FNDA:0,(anonymous_2)
FNDA:147,(anonymous_3)
FNDA:88,(anonymous_4)
FNDA:68,(anonymous_5)
FNDA:34,(anonymous_6)
DA:3,16
DA:4,16
DA:5,16
DA:7,16
DA:14,16
DA:17,356
DA:18,356
DA:20,356
DA:24,39
DA:28,0
DA:32,147
DA:33,147
DA:34,146
DA:35,146
DA:39,88
DA:44,88
DA:45,88
DA:49,68
DA:50,68
DA:51,68
DA:55,34
DA:56,34
DA:57,34
DA:58,34
DA:59,34
LF:25
LH:24
BRDA:33,0,0,1
BRDA:35,1,0,10
BRDA:35,1,1,136
BRDA:41,2,0,70
BRDA:41,2,1,18
BRDA:44,3,0,1
BRDA:49,4,0,56
BRDA:49,4,1,12
BRDA:50,5,0,17
BRDA:50,5,1,51
BRDA:51,6,0,0
BRDA:51,6,1,68
BRDA:55,7,0,0
BRDA:55,7,1,34
BRDA:57,8,0,28
BRDA:57,8,1,6
BRDA:59,9,0,0
BRF:17
BRH:14
end_of_record
TN:
SF:src/json-patch/op/OpTestString.ts
FN:13,(anonymous_0)
FN:22,(anonymous_1)
FN:26,(anonymous_2)
FN:30,(anonymous_3)
FN:40,(anonymous_4)
FN:51,(anonymous_5)
FN:57,(anonymous_6)
FNF:7
FNH:6
FNDA:48,(anonymous_0)
FNDA:7,(anonymous_1)
FNDA:0,(anonymous_2)
FNDA:28,(anonymous_3)
FNDA:10,(anonymous_4)
FNDA:8,(anonymous_5)
FNDA:4,(anonymous_6)
DA:2,15
DA:4,15
DA:5,15
DA:12,15
DA:15,48
DA:16,48
DA:17,48
DA:19,48
DA:23,7
DA:27,0
DA:31,28
DA:32,28
DA:33,28
DA:34,28
DA:35,28
DA:36,28
DA:37,28
DA:41,10
DA:47,10
DA:48,10
DA:52,8
DA:53,8
DA:54,8
DA:58,4
DA:59,4
DA:60,4
DA:61,4
DA:62,4
DA:63,4
LF:29
LH:28
BRDA:32,0,0,0
BRDA:37,1,0,0
BRDA:37,1,1,28
BRDA:43,2,0,0
BRDA:43,2,1,10
BRDA:47,3,0,0
BRDA:52,4,0,2
BRDA:52,4,1,6
BRDA:53,5,0,0
BRDA:53,5,1,8
BRDA:54,6,0,0
BRDA:54,6,1,8
BRDA:58,7,0,0
BRDA:58,7,1,4
BRDA:60,8,0,0
BRDA:60,8,1,4
BRDA:63,9,0,0
BRF:17
BRH:8
end_of_record
TN:
SF:src/json-patch/op/OpTestStringLen.ts
FN:13,(anonymous_0)
FN:21,(anonymous_1)
FN:25,(anonymous_2)
FN:29,(anonymous_3)
FN:37,(anonymous_4)
FN:47,(anonymous_5)
FN:53,(anonymous_6)
FNF:7
FNH:6
FNDA:76,(anonymous_0)
FNDA:14,(anonymous_1)
FNDA:0,(anonymous_2)
FNDA:56,(anonymous_3)
FNDA:10,(anonymous_4)
FNDA:8,(anonymous_5)
FNDA:4,(anonymous_6)
DA:2,15
DA:4,15
DA:5,15
DA:12,15
DA:15,76
DA:16,76
DA:18,76
DA:22,14
DA:26,0
DA:30,56
DA:31,56
DA:32,56
DA:33,56
DA:34,56
DA:38,10
DA:43,10
DA:44,10
DA:48,8
DA:49,8
DA:50,8
DA:54,4
DA:55,4
DA:56,4
DA:57,4
DA:58,4
LF:25
LH:24
BRDA:31,0,0,0
BRDA:34,1,0,20
BRDA:34,1,1,36
BRDA:40,2,0,0
BRDA:40,2,1,10
BRDA:43,3,0,5
BRDA:48,4,0,2
BRDA:48,4,1,6
BRDA:49,5,0,0
BRDA:49,5,1,8
BRDA:50,6,0,4
BRDA:50,6,1,4
BRDA:54,7,0,2
BRDA:54,7,1,2
BRDA:56,8,0,0
BRDA:56,8,1,4
BRDA:58,9,0,2
BRF:17
BRH:13
end_of_record
TN:
SF:src/json-patch/op/OpTestType.ts
FN:15,(anonymous_0)
FN:22,(anonymous_1)
FN:26,(anonymous_2)
FN:30,(anonymous_3)
FN:39,(anonymous_4)
FN:48,(anonymous_5)
FN:53,(anonymous_6)
FNF:7
FNH:6
FNDA:102,(anonymous_0)
FNDA:18,(anonymous_1)
FNDA:0,(anonymous_2)
FNDA:72,(anonymous_3)
FNDA:15,(anonymous_4)
FNDA:12,(anonymous_5)
FNDA:6,(anonymous_6)
DA:2,15
DA:4,15
DA:5,15
DA:9,15
DA:14,15
DA:17,102
DA:19,102
DA:23,18
DA:27,0
DA:31,72
DA:32,72
DA:33,64
DA:34,52
DA:35,20
DA:36,16
DA:40,15
DA:45,15
DA:49,12
DA:50,12
DA:54,6
DA:55,6
DA:56,6
DA:57,6
LF:23
LH:22
BRDA:32,0,0,8
BRDA:33,1,0,12
BRDA:34,2,0,32
BRDA:35,3,0,4
BRDA:35,4,0,20
BRDA:35,4,1,12
BRDA:35,4,2,8
BRDA:42,5,0,0
BRDA:42,5,1,15
BRDA:49,6,0,3
BRDA:49,6,1,9
BRDA:50,7,0,0
BRDA:50,7,1,12
BRDA:56,8,0,0
BRDA:56,8,1,6
BRF:15
BRH:12
end_of_record
TN:
SF:src/json-patch/op/OpType.ts
FN:15,(anonymous_0)
FN:22,(anonymous_1)
FN:26,(anonymous_2)
FN:30,(anonymous_3)
FN:40,(anonymous_4)
FN:49,(anonymous_5)
FN:54,(anonymous_6)
FNF:7
FNH:6
FNDA:80,(anonymous_0)
FNDA:2,(anonymous_1)
FNDA:0,(anonymous_2)
FNDA:10,(anonymous_3)
FNDA:35,(anonymous_4)
FNDA:28,(anonymous_5)
FNDA:14,(anonymous_6)
DA:2,15
DA:4,15
DA:5,15
DA:9,15
DA:14,15
DA:17,80
DA:19,80
DA:23,2
DA:27,0
DA:31,10
DA:32,10
DA:33,10
DA:35,10
DA:36,5
DA:37,5
DA:41,35
DA:46,35
DA:50,28
DA:51,28
DA:55,14
DA:56,14
DA:57,14
DA:58,14
LF:23
LH:22
BRDA:32,0,0,0
BRDA:33,1,0,0
BRDA:35,2,0,5
BRDA:36,3,0,0
BRDA:36,4,0,5
BRDA:36,4,1,0
BRDA:36,4,2,0
BRDA:43,5,0,0
BRDA:43,5,1,35
BRDA:50,6,0,7
BRDA:50,6,1,21
BRDA:51,7,0,0
BRDA:51,7,1,28
BRDA:57,8,0,0
BRDA:57,8,1,14
BRF:15
BRH:7
end_of_record
TN:
SF:src/json-patch/op/OpUndefined.ts
FN:13,(anonymous_0)
FN:17,(anonymous_1)
FN:21,(anonymous_2)
FN:32,(anonymous_3)
FN:40,(anonymous_4)
FN:45,(anonymous_5)
FNF:6
FNH:5
FNDA:7,(anonymous_0)
FNDA:0,(anonymous_1)
FNDA:35,(anonymous_2)
FNDA:15,(anonymous_3)
FNDA:12,(anonymous_4)
FNDA:6,(anonymous_5)
DA:2,15
DA:4,15
DA:5,15
DA:12,15
DA:14,7
DA:18,0
DA:22,35
DA:23,35
DA:24,30
DA:25,30
DA:27,5
DA:28,0
DA:33,15
DA:37,15
DA:41,12
DA:42,12
DA:46,6
DA:47,6
DA:48,6
LF:19
LH:17
BRDA:27,0,0,5
BRDA:35,1,0,0
BRDA:35,1,1,15
BRDA:41,2,0,3
BRDA:41,2,1,9
BRDA:42,3,0,0
BRDA:42,3,1,12
BRDA:48,4,0,0
BRDA:48,4,1,6
BRF:9
BRH:6
end_of_record
TN:
SF:src/json-patch/op/index.ts
FNF:0
FNH:0
DA:1,8
LF:1
LH:1
BRF:0
BRH:0
end_of_record
TN:
SF:src/json-pretty/index.ts
FN:1,(anonymous_0)
FNF:1
FNH:0
FNDA:0,(anonymous_0)
DA:1,57
DA:2,0
DA:3,0
DA:4,0
LF:4
LH:1
BRF:0
BRH:0
end_of_record
TN:
SF:src/json-size/msgpackSizeFast.ts
FN:4,(anonymous_0)
FN:10,(anonymous_1)
FN:27,(anonymous_2)
FNF:3
FNH:3
FNDA:2,(anonymous_0)
FNDA:4,(anonymous_1)
FNDA:39,(anonymous_2)
DA:1,1
DA:2,1
DA:4,1
DA:5,2
DA:6,11
DA:7,2
DA:10,1
DA:11,4
DA:13,13
DA:14,4
DA:27,1
DA:28,39
DA:29,36
DA:31,6
DA:33,7
DA:35,6
DA:37,17
DA:38,15
DA:39,10
DA:40,7
DA:41,4
LF:21
LH:21
BRDA:13,0,0,13
BRDA:28,1,0,3
BRDA:29,2,0,6
BRDA:29,2,1,7
BRDA:29,2,2,6
BRDA:37,3,0,2
BRDA:38,4,0,5
BRDA:39,5,0,3
BRDA:40,6,0,3
BRF:9
BRH:9
end_of_record
TN:
SF:src/json-stable/index.ts
FN:7,(anonymous_0)
FNF:1
FNH:1
FNDA:3849,(anonymous_0)
DA:1,1
DA:2,1
DA:5,1
DA:7,1
DA:9,3849
DA:11,1105
DA:13,2327
DA:14,918
DA:15,918
DA:16,918
DA:17,918
DA:18,918
DA:20,1409
DA:21,1351
DA:22,1351
DA:23,1351
DA:24,1351
DA:25,1351
DA:26,2990
DA:27,2990
DA:28,2990
DA:29,2990
DA:30,2990
DA:32,1351
DA:34,417
LF:25
LH:25
BRDA:9,0,0,1105
BRDA:9,0,1,2327
BRDA:9,0,2,417
BRDA:13,1,0,918
BRDA:17,2,0,574
BRDA:20,3,0,58
BRDA:28,4,0,1699
BRDA:28,5,0,2990
BRDA:28,5,1,1699
BRF:9
BRH:9
end_of_record
TN:
SF:src/json-text/stringify.ts
FN:4,(anonymous_0)
FN:16,(anonymous_1)
FN:26,(anonymous_2)
FNF:3
FNH:3
FNDA:1758,(anonymous_0)
FNDA:328,(anonymous_1)
FNDA:330,(anonymous_2)
DA:4,58
DA:5,1758
DA:7,3
DA:9,317
DA:11,3
DA:13,3
DA:15,1432
DA:16,347
DA:17,1085
DA:18,1085
DA:20,12
DA:22,535
DA:24,538
DA:25,538
DA:26,330
DA:30,0
LF:16
LH:15
BRDA:4,0,0,1100
BRDA:5,1,0,3
BRDA:5,1,1,317
BRDA:5,1,2,3
BRDA:5,1,3,3
BRDA:15,2,0,347
BRDA:17,3,0,0
BRDA:18,4,0,12
BRDA:18,4,1,535
BRDA:18,4,2,538
BRF:10
BRH:9
end_of_record
TN:
SF:src/json-text/toTree.ts
FN:4,(anonymous_0)
FN:5,(anonymous_1)
FN:11,(anonymous_2)
FN:13,(anonymous_3)
FN:18,(anonymous_4)
FN:18,(anonymous_5)
FN:27,(anonymous_6)
FN:27,(anonymous_7)
FNF:8
FNH:8
FNDA:17,(anonymous_0)
FNDA:17,(anonymous_1)
FNDA:6,(anonymous_2)
FNDA:31,(anonymous_3)
FNDA:11,(anonymous_4)
FNDA:11,(anonymous_5)
FNDA:6,(anonymous_6)
FNDA:6,(anonymous_7)
DA:1,1
DA:2,1
DA:4,17
DA:5,1
DA:6,17
DA:7,7
DA:8,6
DA:9,4
DA:11,6
DA:13,1
DA:14,31
DA:15,6
DA:16,4
DA:18,11
DA:19,11
DA:22,25
DA:23,8
DA:24,8
DA:25,6
DA:27,6
DA:28,6
DA:29,6
DA:30,6
DA:31,6
DA:35,17
LF:25
LH:25
BRDA:4,0,0,17
BRDA:4,0,1,8
BRDA:6,1,0,10
BRDA:7,2,0,1
BRDA:7,3,0,7
BRDA:7,3,1,3
BRDA:8,4,0,2
BRDA:8,5,0,6
BRDA:8,5,1,6
BRDA:8,5,2,6
BRDA:13,6,0,14
BRDA:14,7,0,6
BRDA:14,7,1,25
BRDA:15,8,0,2
BRDA:19,9,0,9
BRDA:19,9,1,2
BRDA:21,10,0,2
BRDA:21,10,1,2
BRDA:22,11,0,8
BRDA:22,12,0,25
BRDA:22,12,1,20
BRDA:24,13,0,2
BRDA:29,14,0,0
BRDA:29,14,1,6
BRDA:31,15,0,4
BRDA:31,15,1,2
BRDA:33,16,0,2
BRDA:33,16,1,4
BRF:28
BRH:27
end_of_record
TN:
SF:src/json-walk/index.ts
FN:1,(anonymous_0)
FN:21,(anonymous_1)
FNF:2
FNH:2
FNDA:17,(anonymous_0)
FNDA:3,(anonymous_1)
DA:1,1
DA:2,17
DA:3,17
DA:4,8
DA:5,6
DA:7,2
DA:8,2
DA:9,8
DA:10,2
DA:13,2
DA:14,2
DA:15,2
DA:19,2
DA:21,3
DA:22,2
LF:15
LH:15
BRDA:3,0,0,8
BRDA:4,1,0,2
BRDA:5,2,0,2
BRDA:5,2,1,2
BRDA:5,2,2,1
BRDA:5,2,3,2
BRF:6
BRH:6
end_of_record
TN:
SF:src/util/iterator.ts
FN:4,(anonymous_0)
FN:6,(anonymous_1)
FN:11,(anonymous_2)
FN:17,(anonymous_3)
FN:23,(anonymous_4)
FNF:5
FNH:5
FNDA:2422,(anonymous_0)
FNDA:7586,(anonymous_1)
FNDA:2419,(anonymous_2)
FNDA:7586,(anonymous_3)
FNDA:3,(anonymous_4)
DA:3,57
DA:4,2422
DA:7,7586
DA:8,7586
DA:12,2419
DA:16,57
DA:18,7586
DA:19,7586
DA:23,57
LF:9
LH:9
BRF:0
BRH:0
end_of_record
TN:
SF:src/util/events/TypedEventTarget.ts
FN:1,(anonymous_0)
FN:13,(anonymous_1)
FN:16,(anonymous_2)
FN:29,(anonymous_3)
FNF:4
FNH:1
FNDA:4,(anonymous_0)
FNDA:0,(anonymous_1)
FNDA:0,(anonymous_2)
FNDA:0,(anonymous_3)
DA:1,4
DA:2,4
DA:17,0
DA:31,4
DA:34,4
LF:5
LH:4
BRF:0
BRH:0
end_of_record
TN:
SF:src/util/events/sync-store.ts
FN:15,(anonymous_0)
FN:13,(anonymous_1)
FN:22,(anonymous_2)
FN:20,(anonymous_3)
FN:24,(anonymous_4)
FN:26,(anonymous_5)
FNF:6
FNH:1
FNDA:0,(anonymous_0)
FNDA:0,(anonymous_1)
FNDA:3282,(anonymous_2)
FNDA:0,(anonymous_3)
FNDA:0,(anonymous_4)
FNDA:0,(anonymous_5)
DA:1,56
DA:11,56
DA:12,0
DA:13,0
DA:15,0
DA:18,56
DA:19,3282
DA:20,3282
DA:22,3282
DA:24,3282
DA:27,0
DA:28,0
LF:12
LH:7
BRF:0
BRH:0
end_of_record
